#-----------------------------------------------------------
# Vivado v2017.3 (64-bit)
# SW Build 2018833 on Wed Oct  4 19:58:22 MDT 2017
# IP Build 2016188 on Wed Oct  4 21:52:56 MDT 2017
# Start of session at: Wed Mar 30 11:47:07 2022
# Process ID: 14848
# Current directory: D:/Uklady_elektroniki_cyfrowej_2/Lab_3/build
# Command line: vivado.exe -gui_launcher_event rodinguilauncherevent16868 D:\Uklady_elektroniki_cyfrowej_2\Lab_3\build\vga_project.xpr
# Log file: D:/Uklady_elektroniki_cyfrowej_2/Lab_3/build/vivado.log
# Journal file: D:/Uklady_elektroniki_cyfrowej_2/Lab_3/build\vivado.jou
#-----------------------------------------------------------
start_gui
open_project D:/Uklady_elektroniki_cyfrowej_2/Lab_3/build/vga_project.xpr
INFO: [Project 1-313] Project file moved from 'C:/Users/student/Downloads/Lab_3_FW/build' since last save.
Scanning sources...
Finished scanning sources
INFO: [IP_Flow 19-234] Refreshing IP repositories
INFO: [IP_Flow 19-1704] No user IP repositories specified
INFO: [IP_Flow 19-2313] Loaded Vivado IP repository 'D:/Xilinx/Vivado/2017.3/data/ip'.
open_project: Time (s): cpu = 00:00:09 ; elapsed = 00:00:05 . Memory (MB): peak = 823.258 ; gain = 103.051
update_compile_order -fileset sources_1
add_files -norecurse -scan_for_includes {D:/Uklady_elektroniki_cyfrowej_2/Lab_3/MouseDisplay.vhd D:/Uklady_elektroniki_cyfrowej_2/Lab_3/MouseCtl.vhd}
import_files -norecurse {D:/Uklady_elektroniki_cyfrowej_2/Lab_3/MouseDisplay.vhd D:/Uklady_elektroniki_cyfrowej_2/Lab_3/MouseCtl.vhd}
update_compile_order -fileset sources_1
add_files -norecurse -scan_for_includes D:/Uklady_elektroniki_cyfrowej_2/Lab_3/Ps2Interface.vhd
import_files -norecurse D:/Uklady_elektroniki_cyfrowej_2/Lab_3/Ps2Interface.vhd
update_compile_order -fileset sources_1
export_ip_user_files -of_objects  [get_files D:/Uklady_elektroniki_cyfrowej_2/Lab_3/build/vga_project.srcs/sources_1/imports/Lab_3/MouseDisplay.vhd] -no_script -reset -force -quiet
remove_files  D:/Uklady_elektroniki_cyfrowej_2/Lab_3/build/vga_project.srcs/sources_1/imports/Lab_3/MouseDisplay.vhd
file delete -force D:/Uklady_elektroniki_cyfrowej_2/Lab_3/build/vga_project.srcs/sources_1/imports/Lab_3/MouseDisplay.vhd
update_compile_order -fileset sources_1
synth_design -rtl -name rtl_1
Command: synth_design -rtl -name rtl_1
Starting synth_design
Using part: xc7a35tcpg236-1
Top: vga_example
---------------------------------------------------------------------------------
Starting RTL Elaboration : Time (s): cpu = 00:00:05 ; elapsed = 00:00:06 . Memory (MB): peak = 941.875 ; gain = 0.000
---------------------------------------------------------------------------------
INFO: [Synth 8-638] synthesizing module 'vga_example' [D:/Uklady_elektroniki_cyfrowej_2/Lab_3/rtl/vga_example.v:13]
INFO: [Synth 8-5534] Detected attribute (* KEEP = "TRUE" *) [D:/Uklady_elektroniki_cyfrowej_2/Lab_3/rtl/vga_example.v:40]
INFO: [Synth 8-5534] Detected attribute (* ASYNC_REG = "TRUE" *) [D:/Uklady_elektroniki_cyfrowej_2/Lab_3/rtl/vga_example.v:40]
INFO: [Synth 8-638] synthesizing module 'ODDR' [D:/Xilinx/Vivado/2017.3/scripts/rt/data/unisim_comp.v:30648]
	Parameter DDR_CLK_EDGE bound to: OPPOSITE_EDGE - type: string 
	Parameter INIT bound to: 1'b0 
	Parameter IS_C_INVERTED bound to: 1'b0 
	Parameter IS_D1_INVERTED bound to: 1'b0 
	Parameter IS_D2_INVERTED bound to: 1'b0 
	Parameter SRTYPE bound to: SYNC - type: string 
INFO: [Synth 8-256] done synthesizing module 'ODDR' (1#1) [D:/Xilinx/Vivado/2017.3/scripts/rt/data/unisim_comp.v:30648]
INFO: [Synth 8-638] synthesizing module 'clk_wiz_0' [d:/Uklady_elektroniki_cyfrowej_2/Lab_3/build/vga_project.srcs/sources_1/ip/clk_wiz_0/clk_wiz_0.v:71]
INFO: [Synth 8-638] synthesizing module 'clk_wiz_0_clk_wiz' [d:/Uklady_elektroniki_cyfrowej_2/Lab_3/build/vga_project.srcs/sources_1/ip/clk_wiz_0/clk_wiz_0_clk_wiz.v:69]
INFO: [Synth 8-5534] Detected attribute (* KEEP = "TRUE" *) [d:/Uklady_elektroniki_cyfrowej_2/Lab_3/build/vga_project.srcs/sources_1/ip/clk_wiz_0/clk_wiz_0_clk_wiz.v:127]
INFO: [Synth 8-5534] Detected attribute (* ASYNC_REG = "TRUE" *) [d:/Uklady_elektroniki_cyfrowej_2/Lab_3/build/vga_project.srcs/sources_1/ip/clk_wiz_0/clk_wiz_0_clk_wiz.v:127]
INFO: [Synth 8-5534] Detected attribute (* KEEP = "TRUE" *) [d:/Uklady_elektroniki_cyfrowej_2/Lab_3/build/vga_project.srcs/sources_1/ip/clk_wiz_0/clk_wiz_0_clk_wiz.v:130]
INFO: [Synth 8-5534] Detected attribute (* ASYNC_REG = "TRUE" *) [d:/Uklady_elektroniki_cyfrowej_2/Lab_3/build/vga_project.srcs/sources_1/ip/clk_wiz_0/clk_wiz_0_clk_wiz.v:130]
INFO: [Synth 8-638] synthesizing module 'IBUF' [D:/Xilinx/Vivado/2017.3/scripts/rt/data/unisim_comp.v:19468]
	Parameter CAPACITANCE bound to: DONT_CARE - type: string 
	Parameter IBUF_DELAY_VALUE bound to: 0 - type: string 
	Parameter IBUF_LOW_PWR bound to: TRUE - type: string 
	Parameter IFD_DELAY_VALUE bound to: AUTO - type: string 
	Parameter IOSTANDARD bound to: DEFAULT - type: string 
INFO: [Synth 8-256] done synthesizing module 'IBUF' (2#1) [D:/Xilinx/Vivado/2017.3/scripts/rt/data/unisim_comp.v:19468]
INFO: [Synth 8-638] synthesizing module 'MMCME2_ADV' [D:/Xilinx/Vivado/2017.3/scripts/rt/data/unisim_comp.v:25757]
	Parameter BANDWIDTH bound to: OPTIMIZED - type: string 
	Parameter CLKFBOUT_MULT_F bound to: 10.000000 - type: float 
	Parameter CLKFBOUT_PHASE bound to: 0.000000 - type: float 
	Parameter CLKFBOUT_USE_FINE_PS bound to: FALSE - type: string 
	Parameter CLKIN1_PERIOD bound to: 10.000000 - type: float 
	Parameter CLKIN2_PERIOD bound to: 0.000000 - type: float 
	Parameter CLKOUT0_DIVIDE_F bound to: 10.000000 - type: float 
	Parameter CLKOUT0_DUTY_CYCLE bound to: 0.500000 - type: float 
	Parameter CLKOUT0_PHASE bound to: 0.000000 - type: float 
	Parameter CLKOUT0_USE_FINE_PS bound to: FALSE - type: string 
	Parameter CLKOUT1_DIVIDE bound to: 25 - type: integer 
	Parameter CLKOUT1_DUTY_CYCLE bound to: 0.500000 - type: float 
	Parameter CLKOUT1_PHASE bound to: 0.000000 - type: float 
	Parameter CLKOUT1_USE_FINE_PS bound to: FALSE - type: string 
	Parameter CLKOUT2_DIVIDE bound to: 1 - type: integer 
	Parameter CLKOUT2_DUTY_CYCLE bound to: 0.500000 - type: float 
	Parameter CLKOUT2_PHASE bound to: 0.000000 - type: float 
	Parameter CLKOUT2_USE_FINE_PS bound to: FALSE - type: string 
	Parameter CLKOUT3_DIVIDE bound to: 1 - type: integer 
	Parameter CLKOUT3_DUTY_CYCLE bound to: 0.500000 - type: float 
	Parameter CLKOUT3_PHASE bound to: 0.000000 - type: float 
	Parameter CLKOUT3_USE_FINE_PS bound to: FALSE - type: string 
	Parameter CLKOUT4_CASCADE bound to: FALSE - type: string 
	Parameter CLKOUT4_DIVIDE bound to: 1 - type: integer 
	Parameter CLKOUT4_DUTY_CYCLE bound to: 0.500000 - type: float 
	Parameter CLKOUT4_PHASE bound to: 0.000000 - type: float 
	Parameter CLKOUT4_USE_FINE_PS bound to: FALSE - type: string 
	Parameter CLKOUT5_DIVIDE bound to: 1 - type: integer 
	Parameter CLKOUT5_DUTY_CYCLE bound to: 0.500000 - type: float 
	Parameter CLKOUT5_PHASE bound to: 0.000000 - type: float 
	Parameter CLKOUT5_USE_FINE_PS bound to: FALSE - type: string 
	Parameter CLKOUT6_DIVIDE bound to: 1 - type: integer 
	Parameter CLKOUT6_DUTY_CYCLE bound to: 0.500000 - type: float 
	Parameter CLKOUT6_PHASE bound to: 0.000000 - type: float 
	Parameter CLKOUT6_USE_FINE_PS bound to: FALSE - type: string 
	Parameter COMPENSATION bound to: ZHOLD - type: string 
	Parameter DIVCLK_DIVIDE bound to: 1 - type: integer 
	Parameter IS_CLKINSEL_INVERTED bound to: 1'b0 
	Parameter IS_PSEN_INVERTED bound to: 1'b0 
	Parameter IS_PSINCDEC_INVERTED bound to: 1'b0 
	Parameter IS_PWRDWN_INVERTED bound to: 1'b0 
	Parameter IS_RST_INVERTED bound to: 1'b0 
	Parameter REF_JITTER1 bound to: 0.010000 - type: float 
	Parameter REF_JITTER2 bound to: 0.010000 - type: float 
	Parameter SS_EN bound to: FALSE - type: string 
	Parameter SS_MODE bound to: CENTER_HIGH - type: string 
	Parameter SS_MOD_PERIOD bound to: 10000 - type: integer 
	Parameter STARTUP_WAIT bound to: FALSE - type: string 
INFO: [Synth 8-256] done synthesizing module 'MMCME2_ADV' (3#1) [D:/Xilinx/Vivado/2017.3/scripts/rt/data/unisim_comp.v:25757]
INFO: [Synth 8-638] synthesizing module 'BUFG' [D:/Xilinx/Vivado/2017.3/scripts/rt/data/unisim_comp.v:607]
INFO: [Synth 8-256] done synthesizing module 'BUFG' (4#1) [D:/Xilinx/Vivado/2017.3/scripts/rt/data/unisim_comp.v:607]
INFO: [Synth 8-638] synthesizing module 'BUFGCE' [D:/Xilinx/Vivado/2017.3/scripts/rt/data/unisim_comp.v:617]
	Parameter CE_TYPE bound to: SYNC - type: string 
	Parameter IS_CE_INVERTED bound to: 1'b0 
	Parameter IS_I_INVERTED bound to: 1'b0 
INFO: [Synth 8-256] done synthesizing module 'BUFGCE' (5#1) [D:/Xilinx/Vivado/2017.3/scripts/rt/data/unisim_comp.v:617]
INFO: [Synth 8-638] synthesizing module 'BUFH' [D:/Xilinx/Vivado/2017.3/scripts/rt/data/unisim_comp.v:806]
INFO: [Synth 8-256] done synthesizing module 'BUFH' (6#1) [D:/Xilinx/Vivado/2017.3/scripts/rt/data/unisim_comp.v:806]
INFO: [Synth 8-256] done synthesizing module 'clk_wiz_0_clk_wiz' (7#1) [d:/Uklady_elektroniki_cyfrowej_2/Lab_3/build/vga_project.srcs/sources_1/ip/clk_wiz_0/clk_wiz_0_clk_wiz.v:69]
INFO: [Synth 8-256] done synthesizing module 'clk_wiz_0' (8#1) [d:/Uklady_elektroniki_cyfrowej_2/Lab_3/build/vga_project.srcs/sources_1/ip/clk_wiz_0/clk_wiz_0.v:71]
INFO: [Synth 8-638] synthesizing module 'vga_timing' [D:/Uklady_elektroniki_cyfrowej_2/Lab_3/rtl/vga_timing.v:13]
	Parameter HOR_TOTAL_TIME bound to: 1056 - type: integer 
	Parameter HOR_BLANK_START bound to: 800 - type: integer 
	Parameter HOR_BLANK_STOP bound to: 1056 - type: integer 
	Parameter HOR_SYNC_START bound to: 840 - type: integer 
	Parameter HOR_SYNC_STOP bound to: 968 - type: integer 
	Parameter VER_TOTAL_TIME bound to: 628 - type: integer 
	Parameter VER_BLANK_START bound to: 600 - type: integer 
	Parameter VER_BLANK_STOP bound to: 628 - type: integer 
	Parameter VER_SYNC_START bound to: 601 - type: integer 
	Parameter VER_SYNC_STOP bound to: 605 - type: integer 
INFO: [Synth 8-256] done synthesizing module 'vga_timing' (9#1) [D:/Uklady_elektroniki_cyfrowej_2/Lab_3/rtl/vga_timing.v:13]
INFO: [Synth 8-638] synthesizing module 'draw_background' [D:/Uklady_elektroniki_cyfrowej_2/Lab_3/build/vga_project.srcs/sources_1/new/draw_background.v:3]
INFO: [Synth 8-256] done synthesizing module 'draw_background' (10#1) [D:/Uklady_elektroniki_cyfrowej_2/Lab_3/build/vga_project.srcs/sources_1/new/draw_background.v:3]
INFO: [Synth 8-638] synthesizing module 'draw_rect' [D:/Uklady_elektroniki_cyfrowej_2/Lab_3/build/vga_project.srcs/sources_1/new/draw_rect.v:3]
	Parameter WIDTH bound to: 3 - type: integer 
	Parameter HEIGHT bound to: 2 - type: integer 
	Parameter COLOR bound to: 12'b000000000000 
INFO: [Synth 8-256] done synthesizing module 'draw_rect' (11#1) [D:/Uklady_elektroniki_cyfrowej_2/Lab_3/build/vga_project.srcs/sources_1/new/draw_rect.v:3]
INFO: [Synth 8-638] synthesizing module 'MouseCtl' [D:/Uklady_elektroniki_cyfrowej_2/Lab_3/build/vga_project.srcs/sources_1/imports/Lab_3/MouseCtl.vhd:207]
	Parameter SYSCLK_FREQUENCY_HZ bound to: 100000000 - type: integer 
	Parameter CHECK_PERIOD_MS bound to: 500 - type: integer 
	Parameter TIMEOUT_PERIOD_MS bound to: 100 - type: integer 
INFO: [Synth 8-3491] module 'Ps2Interface' declared at 'D:/Uklady_elektroniki_cyfrowej_2/Lab_3/build/vga_project.srcs/sources_1/imports/Lab_3/Ps2Interface.vhd:152' bound to instance 'Inst_Ps2Interface' of component 'Ps2Interface' [D:/Uklady_elektroniki_cyfrowej_2/Lab_3/build/vga_project.srcs/sources_1/imports/Lab_3/MouseCtl.vhd:369]
INFO: [Synth 8-638] synthesizing module 'Ps2Interface' [D:/Uklady_elektroniki_cyfrowej_2/Lab_3/build/vga_project.srcs/sources_1/imports/Lab_3/Ps2Interface.vhd:180]
INFO: [Synth 8-256] done synthesizing module 'Ps2Interface' (12#1) [D:/Uklady_elektroniki_cyfrowej_2/Lab_3/build/vga_project.srcs/sources_1/imports/Lab_3/Ps2Interface.vhd:180]
WARNING: [Synth 8-6014] Unused sequential element inc_reg was removed.  [D:/Uklady_elektroniki_cyfrowej_2/Lab_3/build/vga_project.srcs/sources_1/imports/Lab_3/MouseCtl.vhd:450]
WARNING: [Synth 8-6014] Unused sequential element x_inter_reg was removed.  [D:/Uklady_elektroniki_cyfrowej_2/Lab_3/build/vga_project.srcs/sources_1/imports/Lab_3/MouseCtl.vhd:456]
WARNING: [Synth 8-6014] Unused sequential element inc_reg was removed.  [D:/Uklady_elektroniki_cyfrowej_2/Lab_3/build/vga_project.srcs/sources_1/imports/Lab_3/MouseCtl.vhd:514]
WARNING: [Synth 8-6014] Unused sequential element y_inter_reg was removed.  [D:/Uklady_elektroniki_cyfrowej_2/Lab_3/build/vga_project.srcs/sources_1/imports/Lab_3/MouseCtl.vhd:520]
INFO: [Synth 8-256] done synthesizing module 'MouseCtl' (13#1) [D:/Uklady_elektroniki_cyfrowej_2/Lab_3/build/vga_project.srcs/sources_1/imports/Lab_3/MouseCtl.vhd:207]
WARNING: [Synth 8-350] instance 'u_MouseCtl' of module 'MouseCtl' requires 16 connections, but only 6 given [D:/Uklady_elektroniki_cyfrowej_2/Lab_3/rtl/vga_example.v:162]
INFO: [Synth 8-256] done synthesizing module 'vga_example' (14#1) [D:/Uklady_elektroniki_cyfrowej_2/Lab_3/rtl/vga_example.v:13]
---------------------------------------------------------------------------------
Finished RTL Elaboration : Time (s): cpu = 00:00:06 ; elapsed = 00:00:07 . Memory (MB): peak = 961.328 ; gain = 19.453
---------------------------------------------------------------------------------

Report Check Netlist: 
+------+------------------+-------+---------+-------+------------------+
|      |Item              |Errors |Warnings |Status |Description       |
+------+------------------+-------+---------+-------+------------------+
|1     |multi_driven_nets |      0|        0|Passed |Multi driven nets |
+------+------------------+-------+---------+-------+------------------+
WARNING: [Synth 8-3295] tying undriven pin u_MouseCtl:value[11] to constant 0 [D:/Uklady_elektroniki_cyfrowej_2/Lab_3/rtl/vga_example.v:162]
WARNING: [Synth 8-3295] tying undriven pin u_MouseCtl:value[10] to constant 0 [D:/Uklady_elektroniki_cyfrowej_2/Lab_3/rtl/vga_example.v:162]
WARNING: [Synth 8-3295] tying undriven pin u_MouseCtl:value[9] to constant 0 [D:/Uklady_elektroniki_cyfrowej_2/Lab_3/rtl/vga_example.v:162]
WARNING: [Synth 8-3295] tying undriven pin u_MouseCtl:value[8] to constant 0 [D:/Uklady_elektroniki_cyfrowej_2/Lab_3/rtl/vga_example.v:162]
WARNING: [Synth 8-3295] tying undriven pin u_MouseCtl:value[7] to constant 0 [D:/Uklady_elektroniki_cyfrowej_2/Lab_3/rtl/vga_example.v:162]
WARNING: [Synth 8-3295] tying undriven pin u_MouseCtl:value[6] to constant 0 [D:/Uklady_elektroniki_cyfrowej_2/Lab_3/rtl/vga_example.v:162]
WARNING: [Synth 8-3295] tying undriven pin u_MouseCtl:value[5] to constant 0 [D:/Uklady_elektroniki_cyfrowej_2/Lab_3/rtl/vga_example.v:162]
WARNING: [Synth 8-3295] tying undriven pin u_MouseCtl:value[4] to constant 0 [D:/Uklady_elektroniki_cyfrowej_2/Lab_3/rtl/vga_example.v:162]
WARNING: [Synth 8-3295] tying undriven pin u_MouseCtl:value[3] to constant 0 [D:/Uklady_elektroniki_cyfrowej_2/Lab_3/rtl/vga_example.v:162]
WARNING: [Synth 8-3295] tying undriven pin u_MouseCtl:value[2] to constant 0 [D:/Uklady_elektroniki_cyfrowej_2/Lab_3/rtl/vga_example.v:162]
WARNING: [Synth 8-3295] tying undriven pin u_MouseCtl:value[1] to constant 0 [D:/Uklady_elektroniki_cyfrowej_2/Lab_3/rtl/vga_example.v:162]
WARNING: [Synth 8-3295] tying undriven pin u_MouseCtl:value[0] to constant 0 [D:/Uklady_elektroniki_cyfrowej_2/Lab_3/rtl/vga_example.v:162]
WARNING: [Synth 8-3295] tying undriven pin u_MouseCtl:setx to constant 0 [D:/Uklady_elektroniki_cyfrowej_2/Lab_3/rtl/vga_example.v:162]
WARNING: [Synth 8-3295] tying undriven pin u_MouseCtl:sety to constant 0 [D:/Uklady_elektroniki_cyfrowej_2/Lab_3/rtl/vga_example.v:162]
WARNING: [Synth 8-3295] tying undriven pin u_MouseCtl:setmax_x to constant 0 [D:/Uklady_elektroniki_cyfrowej_2/Lab_3/rtl/vga_example.v:162]
WARNING: [Synth 8-3295] tying undriven pin u_MouseCtl:setmax_y to constant 0 [D:/Uklady_elektroniki_cyfrowej_2/Lab_3/rtl/vga_example.v:162]
---------------------------------------------------------------------------------
Finished RTL Optimization Phase 1 : Time (s): cpu = 00:00:06 ; elapsed = 00:00:07 . Memory (MB): peak = 961.328 ; gain = 19.453
---------------------------------------------------------------------------------
INFO: [Netlist 29-17] Analyzing 5 Unisim elements for replacement
INFO: [Netlist 29-28] Unisim Transformation completed in 0 CPU seconds
INFO: [Device 21-403] Loading part xc7a35tcpg236-1
INFO: [Project 1-570] Preparing netlist for logic optimization

Processing XDC Constraints
Initializing timing engine
Parsing XDC File [d:/Uklady_elektroniki_cyfrowej_2/Lab_3/build/vga_project.srcs/sources_1/ip/clk_wiz_0/clk_wiz_0_board.xdc] for cell 'clk_wiz_0/inst'
Finished Parsing XDC File [d:/Uklady_elektroniki_cyfrowej_2/Lab_3/build/vga_project.srcs/sources_1/ip/clk_wiz_0/clk_wiz_0_board.xdc] for cell 'clk_wiz_0/inst'
Parsing XDC File [d:/Uklady_elektroniki_cyfrowej_2/Lab_3/build/vga_project.srcs/sources_1/ip/clk_wiz_0/clk_wiz_0.xdc] for cell 'clk_wiz_0/inst'
Finished Parsing XDC File [d:/Uklady_elektroniki_cyfrowej_2/Lab_3/build/vga_project.srcs/sources_1/ip/clk_wiz_0/clk_wiz_0.xdc] for cell 'clk_wiz_0/inst'
INFO: [Project 1-236] Implementation specific constraints were found while reading constraint file [d:/Uklady_elektroniki_cyfrowej_2/Lab_3/build/vga_project.srcs/sources_1/ip/clk_wiz_0/clk_wiz_0.xdc]. These constraints will be ignored for synthesis but will be used in implementation. Impacted constraints are listed in the file [.Xil/vga_example_propImpl.xdc].
Resolution: To avoid this warning, move constraints listed in [.Xil/vga_example_propImpl.xdc] to another XDC file and exclude this new file from synthesis with the used_in_synthesis property (File Properties dialog in GUI) and re-run elaboration/synthesis.
INFO: [Timing 38-2] Deriving generated clocks
Parsing XDC File [D:/Uklady_elektroniki_cyfrowej_2/Lab_3/constraints/vga_example.xdc]
Finished Parsing XDC File [D:/Uklady_elektroniki_cyfrowej_2/Lab_3/constraints/vga_example.xdc]
Parsing XDC File [d:/Uklady_elektroniki_cyfrowej_2/Lab_3/build/vga_project.srcs/sources_1/ip/clk_wiz_0/clk_wiz_0_late.xdc] for cell 'clk_wiz_0/inst'
Finished Parsing XDC File [d:/Uklady_elektroniki_cyfrowej_2/Lab_3/build/vga_project.srcs/sources_1/ip/clk_wiz_0/clk_wiz_0_late.xdc] for cell 'clk_wiz_0/inst'
Completed Processing XDC Constraints

INFO: [Opt 31-140] Inserted 1 IBUFs to IO ports without IO buffers.
INFO: [Opt 31-141] Inserted 1 OBUFs to IO ports without IO buffers.
INFO: [Opt 31-138] Pushed 0 inverter(s) to 0 load pin(s).
INFO: [Project 1-111] Unisim Transformation Summary:
  A total of 2 instances were transformed.
  BUFGCE => BUFGCTRL: 2 instances

RTL Elaboration Complete:  : Time (s): cpu = 00:00:17 ; elapsed = 00:00:15 . Memory (MB): peak = 1261.926 ; gain = 320.051
45 Infos, 21 Warnings, 0 Critical Warnings and 0 Errors encountered.
synth_design completed successfully
synth_design: Time (s): cpu = 00:00:17 ; elapsed = 00:00:16 . Memory (MB): peak = 1261.926 ; gain = 320.051
reset_run synth_1
launch_runs impl_1 -to_step write_bitstream -jobs 3
[Wed Mar 30 12:12:14 2022] Launched synth_1...
Run output will be captured here: D:/Uklady_elektroniki_cyfrowej_2/Lab_3/build/vga_project.runs/synth_1/runme.log
[Wed Mar 30 12:12:14 2022] Launched impl_1...
Run output will be captured here: D:/Uklady_elektroniki_cyfrowej_2/Lab_3/build/vga_project.runs/impl_1/runme.log
refresh_design
---------------------------------------------------------------------------------
Starting RTL Elaboration : Time (s): cpu = 00:00:05 ; elapsed = 00:00:05 . Memory (MB): peak = 1292.762 ; gain = 0.000
---------------------------------------------------------------------------------
INFO: [Synth 8-638] synthesizing module 'vga_example' [D:/Uklady_elektroniki_cyfrowej_2/Lab_3/rtl/vga_example.v:13]
INFO: [Synth 8-5534] Detected attribute (* KEEP = "TRUE" *) [D:/Uklady_elektroniki_cyfrowej_2/Lab_3/rtl/vga_example.v:40]
INFO: [Synth 8-5534] Detected attribute (* ASYNC_REG = "TRUE" *) [D:/Uklady_elektroniki_cyfrowej_2/Lab_3/rtl/vga_example.v:40]
INFO: [Synth 8-638] synthesizing module 'ODDR' [D:/Xilinx/Vivado/2017.3/scripts/rt/data/unisim_comp.v:30648]
	Parameter DDR_CLK_EDGE bound to: OPPOSITE_EDGE - type: string 
	Parameter INIT bound to: 1'b0 
	Parameter IS_C_INVERTED bound to: 1'b0 
	Parameter IS_D1_INVERTED bound to: 1'b0 
	Parameter IS_D2_INVERTED bound to: 1'b0 
	Parameter SRTYPE bound to: SYNC - type: string 
INFO: [Synth 8-256] done synthesizing module 'ODDR' (1#1) [D:/Xilinx/Vivado/2017.3/scripts/rt/data/unisim_comp.v:30648]
INFO: [Synth 8-638] synthesizing module 'clk_wiz_0' [d:/Uklady_elektroniki_cyfrowej_2/Lab_3/build/vga_project.srcs/sources_1/ip/clk_wiz_0/clk_wiz_0.v:71]
INFO: [Synth 8-638] synthesizing module 'clk_wiz_0_clk_wiz' [d:/Uklady_elektroniki_cyfrowej_2/Lab_3/build/vga_project.srcs/sources_1/ip/clk_wiz_0/clk_wiz_0_clk_wiz.v:69]
INFO: [Synth 8-5534] Detected attribute (* KEEP = "TRUE" *) [d:/Uklady_elektroniki_cyfrowej_2/Lab_3/build/vga_project.srcs/sources_1/ip/clk_wiz_0/clk_wiz_0_clk_wiz.v:127]
INFO: [Synth 8-5534] Detected attribute (* ASYNC_REG = "TRUE" *) [d:/Uklady_elektroniki_cyfrowej_2/Lab_3/build/vga_project.srcs/sources_1/ip/clk_wiz_0/clk_wiz_0_clk_wiz.v:127]
INFO: [Synth 8-5534] Detected attribute (* KEEP = "TRUE" *) [d:/Uklady_elektroniki_cyfrowej_2/Lab_3/build/vga_project.srcs/sources_1/ip/clk_wiz_0/clk_wiz_0_clk_wiz.v:130]
INFO: [Synth 8-5534] Detected attribute (* ASYNC_REG = "TRUE" *) [d:/Uklady_elektroniki_cyfrowej_2/Lab_3/build/vga_project.srcs/sources_1/ip/clk_wiz_0/clk_wiz_0_clk_wiz.v:130]
INFO: [Synth 8-638] synthesizing module 'IBUF' [D:/Xilinx/Vivado/2017.3/scripts/rt/data/unisim_comp.v:19468]
	Parameter CAPACITANCE bound to: DONT_CARE - type: string 
	Parameter IBUF_DELAY_VALUE bound to: 0 - type: string 
	Parameter IBUF_LOW_PWR bound to: TRUE - type: string 
	Parameter IFD_DELAY_VALUE bound to: AUTO - type: string 
	Parameter IOSTANDARD bound to: DEFAULT - type: string 
INFO: [Synth 8-256] done synthesizing module 'IBUF' (2#1) [D:/Xilinx/Vivado/2017.3/scripts/rt/data/unisim_comp.v:19468]
INFO: [Synth 8-638] synthesizing module 'MMCME2_ADV' [D:/Xilinx/Vivado/2017.3/scripts/rt/data/unisim_comp.v:25757]
	Parameter BANDWIDTH bound to: OPTIMIZED - type: string 
	Parameter CLKFBOUT_MULT_F bound to: 10.000000 - type: float 
	Parameter CLKFBOUT_PHASE bound to: 0.000000 - type: float 
	Parameter CLKFBOUT_USE_FINE_PS bound to: FALSE - type: string 
	Parameter CLKIN1_PERIOD bound to: 10.000000 - type: float 
	Parameter CLKIN2_PERIOD bound to: 0.000000 - type: float 
	Parameter CLKOUT0_DIVIDE_F bound to: 10.000000 - type: float 
	Parameter CLKOUT0_DUTY_CYCLE bound to: 0.500000 - type: float 
	Parameter CLKOUT0_PHASE bound to: 0.000000 - type: float 
	Parameter CLKOUT0_USE_FINE_PS bound to: FALSE - type: string 
	Parameter CLKOUT1_DIVIDE bound to: 25 - type: integer 
	Parameter CLKOUT1_DUTY_CYCLE bound to: 0.500000 - type: float 
	Parameter CLKOUT1_PHASE bound to: 0.000000 - type: float 
	Parameter CLKOUT1_USE_FINE_PS bound to: FALSE - type: string 
	Parameter CLKOUT2_DIVIDE bound to: 1 - type: integer 
	Parameter CLKOUT2_DUTY_CYCLE bound to: 0.500000 - type: float 
	Parameter CLKOUT2_PHASE bound to: 0.000000 - type: float 
	Parameter CLKOUT2_USE_FINE_PS bound to: FALSE - type: string 
	Parameter CLKOUT3_DIVIDE bound to: 1 - type: integer 
	Parameter CLKOUT3_DUTY_CYCLE bound to: 0.500000 - type: float 
	Parameter CLKOUT3_PHASE bound to: 0.000000 - type: float 
	Parameter CLKOUT3_USE_FINE_PS bound to: FALSE - type: string 
	Parameter CLKOUT4_CASCADE bound to: FALSE - type: string 
	Parameter CLKOUT4_DIVIDE bound to: 1 - type: integer 
	Parameter CLKOUT4_DUTY_CYCLE bound to: 0.500000 - type: float 
	Parameter CLKOUT4_PHASE bound to: 0.000000 - type: float 
	Parameter CLKOUT4_USE_FINE_PS bound to: FALSE - type: string 
	Parameter CLKOUT5_DIVIDE bound to: 1 - type: integer 
	Parameter CLKOUT5_DUTY_CYCLE bound to: 0.500000 - type: float 
	Parameter CLKOUT5_PHASE bound to: 0.000000 - type: float 
	Parameter CLKOUT5_USE_FINE_PS bound to: FALSE - type: string 
	Parameter CLKOUT6_DIVIDE bound to: 1 - type: integer 
	Parameter CLKOUT6_DUTY_CYCLE bound to: 0.500000 - type: float 
	Parameter CLKOUT6_PHASE bound to: 0.000000 - type: float 
	Parameter CLKOUT6_USE_FINE_PS bound to: FALSE - type: string 
	Parameter COMPENSATION bound to: ZHOLD - type: string 
	Parameter DIVCLK_DIVIDE bound to: 1 - type: integer 
	Parameter IS_CLKINSEL_INVERTED bound to: 1'b0 
	Parameter IS_PSEN_INVERTED bound to: 1'b0 
	Parameter IS_PSINCDEC_INVERTED bound to: 1'b0 
	Parameter IS_PWRDWN_INVERTED bound to: 1'b0 
	Parameter IS_RST_INVERTED bound to: 1'b0 
	Parameter REF_JITTER1 bound to: 0.010000 - type: float 
	Parameter REF_JITTER2 bound to: 0.010000 - type: float 
	Parameter SS_EN bound to: FALSE - type: string 
	Parameter SS_MODE bound to: CENTER_HIGH - type: string 
	Parameter SS_MOD_PERIOD bound to: 10000 - type: integer 
	Parameter STARTUP_WAIT bound to: FALSE - type: string 
INFO: [Synth 8-256] done synthesizing module 'MMCME2_ADV' (3#1) [D:/Xilinx/Vivado/2017.3/scripts/rt/data/unisim_comp.v:25757]
INFO: [Synth 8-638] synthesizing module 'BUFG' [D:/Xilinx/Vivado/2017.3/scripts/rt/data/unisim_comp.v:607]
INFO: [Synth 8-256] done synthesizing module 'BUFG' (4#1) [D:/Xilinx/Vivado/2017.3/scripts/rt/data/unisim_comp.v:607]
INFO: [Synth 8-638] synthesizing module 'BUFGCE' [D:/Xilinx/Vivado/2017.3/scripts/rt/data/unisim_comp.v:617]
	Parameter CE_TYPE bound to: SYNC - type: string 
	Parameter IS_CE_INVERTED bound to: 1'b0 
	Parameter IS_I_INVERTED bound to: 1'b0 
INFO: [Synth 8-256] done synthesizing module 'BUFGCE' (5#1) [D:/Xilinx/Vivado/2017.3/scripts/rt/data/unisim_comp.v:617]
INFO: [Synth 8-638] synthesizing module 'BUFH' [D:/Xilinx/Vivado/2017.3/scripts/rt/data/unisim_comp.v:806]
INFO: [Synth 8-256] done synthesizing module 'BUFH' (6#1) [D:/Xilinx/Vivado/2017.3/scripts/rt/data/unisim_comp.v:806]
INFO: [Synth 8-256] done synthesizing module 'clk_wiz_0_clk_wiz' (7#1) [d:/Uklady_elektroniki_cyfrowej_2/Lab_3/build/vga_project.srcs/sources_1/ip/clk_wiz_0/clk_wiz_0_clk_wiz.v:69]
INFO: [Synth 8-256] done synthesizing module 'clk_wiz_0' (8#1) [d:/Uklady_elektroniki_cyfrowej_2/Lab_3/build/vga_project.srcs/sources_1/ip/clk_wiz_0/clk_wiz_0.v:71]
INFO: [Synth 8-638] synthesizing module 'vga_timing' [D:/Uklady_elektroniki_cyfrowej_2/Lab_3/rtl/vga_timing.v:13]
	Parameter HOR_TOTAL_TIME bound to: 1056 - type: integer 
	Parameter HOR_BLANK_START bound to: 800 - type: integer 
	Parameter HOR_BLANK_STOP bound to: 1056 - type: integer 
	Parameter HOR_SYNC_START bound to: 840 - type: integer 
	Parameter HOR_SYNC_STOP bound to: 968 - type: integer 
	Parameter VER_TOTAL_TIME bound to: 628 - type: integer 
	Parameter VER_BLANK_START bound to: 600 - type: integer 
	Parameter VER_BLANK_STOP bound to: 628 - type: integer 
	Parameter VER_SYNC_START bound to: 601 - type: integer 
	Parameter VER_SYNC_STOP bound to: 605 - type: integer 
INFO: [Synth 8-256] done synthesizing module 'vga_timing' (9#1) [D:/Uklady_elektroniki_cyfrowej_2/Lab_3/rtl/vga_timing.v:13]
INFO: [Synth 8-638] synthesizing module 'draw_background' [D:/Uklady_elektroniki_cyfrowej_2/Lab_3/build/vga_project.srcs/sources_1/new/draw_background.v:3]
INFO: [Synth 8-256] done synthesizing module 'draw_background' (10#1) [D:/Uklady_elektroniki_cyfrowej_2/Lab_3/build/vga_project.srcs/sources_1/new/draw_background.v:3]
INFO: [Synth 8-638] synthesizing module 'draw_rect' [D:/Uklady_elektroniki_cyfrowej_2/Lab_3/build/vga_project.srcs/sources_1/new/draw_rect.v:3]
	Parameter WIDTH bound to: 3 - type: integer 
	Parameter HEIGHT bound to: 2 - type: integer 
	Parameter COLOR bound to: 12'b000000000000 
INFO: [Synth 8-256] done synthesizing module 'draw_rect' (11#1) [D:/Uklady_elektroniki_cyfrowej_2/Lab_3/build/vga_project.srcs/sources_1/new/draw_rect.v:3]
INFO: [Synth 8-638] synthesizing module 'MouseCtl' [D:/Uklady_elektroniki_cyfrowej_2/Lab_3/build/vga_project.srcs/sources_1/imports/Lab_3/MouseCtl.vhd:207]
	Parameter SYSCLK_FREQUENCY_HZ bound to: 100000000 - type: integer 
	Parameter CHECK_PERIOD_MS bound to: 500 - type: integer 
	Parameter TIMEOUT_PERIOD_MS bound to: 100 - type: integer 
INFO: [Synth 8-3491] module 'Ps2Interface' declared at 'D:/Uklady_elektroniki_cyfrowej_2/Lab_3/build/vga_project.srcs/sources_1/imports/Lab_3/Ps2Interface.vhd:152' bound to instance 'Inst_Ps2Interface' of component 'Ps2Interface' [D:/Uklady_elektroniki_cyfrowej_2/Lab_3/build/vga_project.srcs/sources_1/imports/Lab_3/MouseCtl.vhd:369]
INFO: [Synth 8-638] synthesizing module 'Ps2Interface' [D:/Uklady_elektroniki_cyfrowej_2/Lab_3/build/vga_project.srcs/sources_1/imports/Lab_3/Ps2Interface.vhd:180]
INFO: [Synth 8-256] done synthesizing module 'Ps2Interface' (12#1) [D:/Uklady_elektroniki_cyfrowej_2/Lab_3/build/vga_project.srcs/sources_1/imports/Lab_3/Ps2Interface.vhd:180]
WARNING: [Synth 8-6014] Unused sequential element inc_reg was removed.  [D:/Uklady_elektroniki_cyfrowej_2/Lab_3/build/vga_project.srcs/sources_1/imports/Lab_3/MouseCtl.vhd:450]
WARNING: [Synth 8-6014] Unused sequential element x_inter_reg was removed.  [D:/Uklady_elektroniki_cyfrowej_2/Lab_3/build/vga_project.srcs/sources_1/imports/Lab_3/MouseCtl.vhd:456]
WARNING: [Synth 8-6014] Unused sequential element inc_reg was removed.  [D:/Uklady_elektroniki_cyfrowej_2/Lab_3/build/vga_project.srcs/sources_1/imports/Lab_3/MouseCtl.vhd:514]
WARNING: [Synth 8-6014] Unused sequential element y_inter_reg was removed.  [D:/Uklady_elektroniki_cyfrowej_2/Lab_3/build/vga_project.srcs/sources_1/imports/Lab_3/MouseCtl.vhd:520]
INFO: [Synth 8-256] done synthesizing module 'MouseCtl' (13#1) [D:/Uklady_elektroniki_cyfrowej_2/Lab_3/build/vga_project.srcs/sources_1/imports/Lab_3/MouseCtl.vhd:207]
WARNING: [Synth 8-350] instance 'u_MouseCtl' of module 'MouseCtl' requires 16 connections, but only 6 given [D:/Uklady_elektroniki_cyfrowej_2/Lab_3/rtl/vga_example.v:162]
INFO: [Synth 8-256] done synthesizing module 'vga_example' (14#1) [D:/Uklady_elektroniki_cyfrowej_2/Lab_3/rtl/vga_example.v:13]
---------------------------------------------------------------------------------
Finished RTL Elaboration : Time (s): cpu = 00:00:06 ; elapsed = 00:00:06 . Memory (MB): peak = 1292.762 ; gain = 0.000
---------------------------------------------------------------------------------

Report Check Netlist: 
+------+------------------+-------+---------+-------+------------------+
|      |Item              |Errors |Warnings |Status |Description       |
+------+------------------+-------+---------+-------+------------------+
|1     |multi_driven_nets |      0|        0|Passed |Multi driven nets |
+------+------------------+-------+---------+-------+------------------+
WARNING: [Synth 8-3295] tying undriven pin u_MouseCtl:value[11] to constant 0 [D:/Uklady_elektroniki_cyfrowej_2/Lab_3/rtl/vga_example.v:162]
WARNING: [Synth 8-3295] tying undriven pin u_MouseCtl:value[10] to constant 0 [D:/Uklady_elektroniki_cyfrowej_2/Lab_3/rtl/vga_example.v:162]
WARNING: [Synth 8-3295] tying undriven pin u_MouseCtl:value[9] to constant 0 [D:/Uklady_elektroniki_cyfrowej_2/Lab_3/rtl/vga_example.v:162]
WARNING: [Synth 8-3295] tying undriven pin u_MouseCtl:value[8] to constant 0 [D:/Uklady_elektroniki_cyfrowej_2/Lab_3/rtl/vga_example.v:162]
WARNING: [Synth 8-3295] tying undriven pin u_MouseCtl:value[7] to constant 0 [D:/Uklady_elektroniki_cyfrowej_2/Lab_3/rtl/vga_example.v:162]
WARNING: [Synth 8-3295] tying undriven pin u_MouseCtl:value[6] to constant 0 [D:/Uklady_elektroniki_cyfrowej_2/Lab_3/rtl/vga_example.v:162]
WARNING: [Synth 8-3295] tying undriven pin u_MouseCtl:value[5] to constant 0 [D:/Uklady_elektroniki_cyfrowej_2/Lab_3/rtl/vga_example.v:162]
WARNING: [Synth 8-3295] tying undriven pin u_MouseCtl:value[4] to constant 0 [D:/Uklady_elektroniki_cyfrowej_2/Lab_3/rtl/vga_example.v:162]
WARNING: [Synth 8-3295] tying undriven pin u_MouseCtl:value[3] to constant 0 [D:/Uklady_elektroniki_cyfrowej_2/Lab_3/rtl/vga_example.v:162]
WARNING: [Synth 8-3295] tying undriven pin u_MouseCtl:value[2] to constant 0 [D:/Uklady_elektroniki_cyfrowej_2/Lab_3/rtl/vga_example.v:162]
WARNING: [Synth 8-3295] tying undriven pin u_MouseCtl:value[1] to constant 0 [D:/Uklady_elektroniki_cyfrowej_2/Lab_3/rtl/vga_example.v:162]
WARNING: [Synth 8-3295] tying undriven pin u_MouseCtl:value[0] to constant 0 [D:/Uklady_elektroniki_cyfrowej_2/Lab_3/rtl/vga_example.v:162]
WARNING: [Synth 8-3295] tying undriven pin u_MouseCtl:setx to constant 0 [D:/Uklady_elektroniki_cyfrowej_2/Lab_3/rtl/vga_example.v:162]
WARNING: [Synth 8-3295] tying undriven pin u_MouseCtl:sety to constant 0 [D:/Uklady_elektroniki_cyfrowej_2/Lab_3/rtl/vga_example.v:162]
WARNING: [Synth 8-3295] tying undriven pin u_MouseCtl:setmax_x to constant 0 [D:/Uklady_elektroniki_cyfrowej_2/Lab_3/rtl/vga_example.v:162]
WARNING: [Synth 8-3295] tying undriven pin u_MouseCtl:setmax_y to constant 0 [D:/Uklady_elektroniki_cyfrowej_2/Lab_3/rtl/vga_example.v:162]
---------------------------------------------------------------------------------
Finished RTL Optimization Phase 1 : Time (s): cpu = 00:00:06 ; elapsed = 00:00:07 . Memory (MB): peak = 1292.762 ; gain = 0.000
---------------------------------------------------------------------------------
INFO: [Netlist 29-17] Analyzing 5 Unisim elements for replacement
INFO: [Netlist 29-28] Unisim Transformation completed in 0 CPU seconds
INFO: [Project 1-570] Preparing netlist for logic optimization

Processing XDC Constraints
Initializing timing engine
Parsing XDC File [d:/Uklady_elektroniki_cyfrowej_2/Lab_3/build/vga_project.srcs/sources_1/ip/clk_wiz_0/clk_wiz_0_board.xdc] for cell 'clk_wiz_0/inst'
Finished Parsing XDC File [d:/Uklady_elektroniki_cyfrowej_2/Lab_3/build/vga_project.srcs/sources_1/ip/clk_wiz_0/clk_wiz_0_board.xdc] for cell 'clk_wiz_0/inst'
Parsing XDC File [d:/Uklady_elektroniki_cyfrowej_2/Lab_3/build/vga_project.srcs/sources_1/ip/clk_wiz_0/clk_wiz_0.xdc] for cell 'clk_wiz_0/inst'
Finished Parsing XDC File [d:/Uklady_elektroniki_cyfrowej_2/Lab_3/build/vga_project.srcs/sources_1/ip/clk_wiz_0/clk_wiz_0.xdc] for cell 'clk_wiz_0/inst'
INFO: [Project 1-236] Implementation specific constraints were found while reading constraint file [d:/Uklady_elektroniki_cyfrowej_2/Lab_3/build/vga_project.srcs/sources_1/ip/clk_wiz_0/clk_wiz_0.xdc]. These constraints will be ignored for synthesis but will be used in implementation. Impacted constraints are listed in the file [.Xil/vga_example_propImpl.xdc].
Resolution: To avoid this warning, move constraints listed in [.Xil/vga_example_propImpl.xdc] to another XDC file and exclude this new file from synthesis with the used_in_synthesis property (File Properties dialog in GUI) and re-run elaboration/synthesis.
INFO: [Timing 38-2] Deriving generated clocks
Parsing XDC File [D:/Uklady_elektroniki_cyfrowej_2/Lab_3/constraints/vga_example.xdc]
Finished Parsing XDC File [D:/Uklady_elektroniki_cyfrowej_2/Lab_3/constraints/vga_example.xdc]
Parsing XDC File [d:/Uklady_elektroniki_cyfrowej_2/Lab_3/build/vga_project.srcs/sources_1/ip/clk_wiz_0/clk_wiz_0_late.xdc] for cell 'clk_wiz_0/inst'
Finished Parsing XDC File [d:/Uklady_elektroniki_cyfrowej_2/Lab_3/build/vga_project.srcs/sources_1/ip/clk_wiz_0/clk_wiz_0_late.xdc] for cell 'clk_wiz_0/inst'
Completed Processing XDC Constraints

INFO: [Opt 31-140] Inserted 1 IBUFs to IO ports without IO buffers.
INFO: [Opt 31-141] Inserted 1 OBUFs to IO ports without IO buffers.
INFO: [Opt 31-138] Pushed 0 inverter(s) to 0 load pin(s).
refresh_design: Time (s): cpu = 00:00:14 ; elapsed = 00:00:12 . Memory (MB): peak = 1323.223 ; gain = 30.461
reset_run synth_1
launch_runs impl_1 -to_step write_bitstream -jobs 3
[Wed Mar 30 12:14:37 2022] Launched synth_1...
Run output will be captured here: D:/Uklady_elektroniki_cyfrowej_2/Lab_3/build/vga_project.runs/synth_1/runme.log
[Wed Mar 30 12:14:37 2022] Launched impl_1...
Run output will be captured here: D:/Uklady_elektroniki_cyfrowej_2/Lab_3/build/vga_project.runs/impl_1/runme.log
reset_run synth_1
launch_runs impl_1 -to_step write_bitstream -jobs 3
[Wed Mar 30 12:19:58 2022] Launched synth_1...
Run output will be captured here: D:/Uklady_elektroniki_cyfrowej_2/Lab_3/build/vga_project.runs/synth_1/runme.log
[Wed Mar 30 12:19:58 2022] Launched impl_1...
Run output will be captured here: D:/Uklady_elektroniki_cyfrowej_2/Lab_3/build/vga_project.runs/impl_1/runme.log
open_hw
connect_hw_server
INFO: [Labtools 27-2285] Connecting to hw_server url TCP:localhost:3121
INFO: [Labtools 27-2222] Launching hw_server...
INFO: [Labtools 27-2221] Launch Output:

****** Xilinx hw_server v2017.3
  **** Build date : Oct  4 2017-20:12:17
    ** Copyright 1986-2017 Xilinx, Inc. All Rights Reserved.


disconnect_hw_server localhost:3121
connect_hw_server
INFO: [Labtools 27-2285] Connecting to hw_server url TCP:localhost:3121
open_hw_target
INFO: [Labtoolstcl 44-466] Opening hw_target localhost:3121/xilinx_tcf/Digilent/210183739053A
set_property PROGRAM.FILE {D:/Uklady_elektroniki_cyfrowej_2/Lab_3/build/vga_project.runs/impl_1/vga_example.bit} [get_hw_devices xc7a35t_0]
current_hw_device [get_hw_devices xc7a35t_0]
refresh_hw_device -update_hw_probes false [lindex [get_hw_devices xc7a35t_0] 0]
INFO: [Labtools 27-1435] Device xc7a35t (JTAG device index = 0) is not programmed (DONE status = 0).
set_property PROBES.FILE {} [get_hw_devices xc7a35t_0]
set_property FULL_PROBES.FILE {} [get_hw_devices xc7a35t_0]
set_property PROGRAM.FILE {D:/Uklady_elektroniki_cyfrowej_2/Lab_3/build/vga_project.runs/impl_1/vga_example.bit} [get_hw_devices xc7a35t_0]
program_hw_devices [get_hw_devices xc7a35t_0]
INFO: [Labtools 27-3164] End of startup status: HIGH
refresh_hw_device [lindex [get_hw_devices xc7a35t_0] 0]
INFO: [Labtools 27-1434] Device xc7a35t (JTAG device index = 0) is programmed with a design that has no supported debug core(s) in it.
WARNING: [Labtools 27-3361] The debug hub core was not detected.
Resolution: 
1. Make sure the clock connected to the debug hub (dbg_hub) core is a free running clock and is active.
2. Make sure the BSCAN_SWITCH_USER_MASK device property in Vivado Hardware Manager reflects the user scan chain setting in the design and refresh the device.  To determine the user scan chain setting in the design, open the implemented design and use 'get_property C_USER_SCAN_CHAIN [get_debug_cores dbg_hub]'.
For more details on setting the scan chain property, consult the Vivado Debug and Programming User Guide (UG908).
reset_run synth_1
launch_runs impl_1 -to_step write_bitstream -jobs 3
[Wed Mar 30 12:26:42 2022] Launched synth_1...
Run output will be captured here: D:/Uklady_elektroniki_cyfrowej_2/Lab_3/build/vga_project.runs/synth_1/runme.log
[Wed Mar 30 12:26:43 2022] Launched impl_1...
Run output will be captured here: D:/Uklady_elektroniki_cyfrowej_2/Lab_3/build/vga_project.runs/impl_1/runme.log
set_property PROBES.FILE {} [get_hw_devices xc7a35t_0]
set_property FULL_PROBES.FILE {} [get_hw_devices xc7a35t_0]
set_property PROGRAM.FILE {D:/Uklady_elektroniki_cyfrowej_2/Lab_3/build/vga_project.runs/impl_1/vga_example.bit} [get_hw_devices xc7a35t_0]
program_hw_devices [get_hw_devices xc7a35t_0]
INFO: [Labtools 27-3164] End of startup status: HIGH
refresh_hw_device [lindex [get_hw_devices xc7a35t_0] 0]
INFO: [Labtools 27-1434] Device xc7a35t (JTAG device index = 0) is programmed with a design that has no supported debug core(s) in it.
WARNING: [Labtools 27-3361] The debug hub core was not detected.
Resolution: 
1. Make sure the clock connected to the debug hub (dbg_hub) core is a free running clock and is active.
2. Make sure the BSCAN_SWITCH_USER_MASK device property in Vivado Hardware Manager reflects the user scan chain setting in the design and refresh the device.  To determine the user scan chain setting in the design, open the implemented design and use 'get_property C_USER_SCAN_CHAIN [get_debug_cores dbg_hub]'.
For more details on setting the scan chain property, consult the Vivado Debug and Programming User Guide (UG908).
reset_run synth_1
launch_runs impl_1 -to_step write_bitstream -jobs 3
[Wed Mar 30 12:30:51 2022] Launched synth_1...
Run output will be captured here: D:/Uklady_elektroniki_cyfrowej_2/Lab_3/build/vga_project.runs/synth_1/runme.log
[Wed Mar 30 12:30:51 2022] Launched impl_1...
Run output will be captured here: D:/Uklady_elektroniki_cyfrowej_2/Lab_3/build/vga_project.runs/impl_1/runme.log
set_property PROBES.FILE {} [get_hw_devices xc7a35t_0]
set_property FULL_PROBES.FILE {} [get_hw_devices xc7a35t_0]
set_property PROGRAM.FILE {D:/Uklady_elektroniki_cyfrowej_2/Lab_3/build/vga_project.runs/impl_1/vga_example.bit} [get_hw_devices xc7a35t_0]
program_hw_devices [get_hw_devices xc7a35t_0]
INFO: [Labtools 27-3164] End of startup status: HIGH
refresh_hw_device [lindex [get_hw_devices xc7a35t_0] 0]
INFO: [Labtools 27-1434] Device xc7a35t (JTAG device index = 0) is programmed with a design that has no supported debug core(s) in it.
WARNING: [Labtools 27-3361] The debug hub core was not detected.
Resolution: 
1. Make sure the clock connected to the debug hub (dbg_hub) core is a free running clock and is active.
2. Make sure the BSCAN_SWITCH_USER_MASK device property in Vivado Hardware Manager reflects the user scan chain setting in the design and refresh the device.  To determine the user scan chain setting in the design, open the implemented design and use 'get_property C_USER_SCAN_CHAIN [get_debug_cores dbg_hub]'.
For more details on setting the scan chain property, consult the Vivado Debug and Programming User Guide (UG908).
refresh_design
---------------------------------------------------------------------------------
Starting RTL Elaboration : Time (s): cpu = 00:00:06 ; elapsed = 00:00:06 . Memory (MB): peak = 1925.719 ; gain = 1.496
---------------------------------------------------------------------------------
INFO: [Synth 8-638] synthesizing module 'vga_example' [D:/Uklady_elektroniki_cyfrowej_2/Lab_3/rtl/vga_example.v:13]
INFO: [Synth 8-5534] Detected attribute (* KEEP = "TRUE" *) [D:/Uklady_elektroniki_cyfrowej_2/Lab_3/rtl/vga_example.v:40]
INFO: [Synth 8-5534] Detected attribute (* ASYNC_REG = "TRUE" *) [D:/Uklady_elektroniki_cyfrowej_2/Lab_3/rtl/vga_example.v:40]
INFO: [Synth 8-638] synthesizing module 'ODDR' [D:/Xilinx/Vivado/2017.3/scripts/rt/data/unisim_comp.v:30648]
	Parameter DDR_CLK_EDGE bound to: OPPOSITE_EDGE - type: string 
	Parameter INIT bound to: 1'b0 
	Parameter IS_C_INVERTED bound to: 1'b0 
	Parameter IS_D1_INVERTED bound to: 1'b0 
	Parameter IS_D2_INVERTED bound to: 1'b0 
	Parameter SRTYPE bound to: SYNC - type: string 
INFO: [Synth 8-256] done synthesizing module 'ODDR' (1#1) [D:/Xilinx/Vivado/2017.3/scripts/rt/data/unisim_comp.v:30648]
INFO: [Synth 8-638] synthesizing module 'clk_wiz_0' [d:/Uklady_elektroniki_cyfrowej_2/Lab_3/build/vga_project.srcs/sources_1/ip/clk_wiz_0/clk_wiz_0.v:71]
INFO: [Synth 8-638] synthesizing module 'clk_wiz_0_clk_wiz' [d:/Uklady_elektroniki_cyfrowej_2/Lab_3/build/vga_project.srcs/sources_1/ip/clk_wiz_0/clk_wiz_0_clk_wiz.v:69]
INFO: [Synth 8-5534] Detected attribute (* KEEP = "TRUE" *) [d:/Uklady_elektroniki_cyfrowej_2/Lab_3/build/vga_project.srcs/sources_1/ip/clk_wiz_0/clk_wiz_0_clk_wiz.v:127]
INFO: [Synth 8-5534] Detected attribute (* ASYNC_REG = "TRUE" *) [d:/Uklady_elektroniki_cyfrowej_2/Lab_3/build/vga_project.srcs/sources_1/ip/clk_wiz_0/clk_wiz_0_clk_wiz.v:127]
INFO: [Synth 8-5534] Detected attribute (* KEEP = "TRUE" *) [d:/Uklady_elektroniki_cyfrowej_2/Lab_3/build/vga_project.srcs/sources_1/ip/clk_wiz_0/clk_wiz_0_clk_wiz.v:130]
INFO: [Synth 8-5534] Detected attribute (* ASYNC_REG = "TRUE" *) [d:/Uklady_elektroniki_cyfrowej_2/Lab_3/build/vga_project.srcs/sources_1/ip/clk_wiz_0/clk_wiz_0_clk_wiz.v:130]
INFO: [Synth 8-638] synthesizing module 'IBUF' [D:/Xilinx/Vivado/2017.3/scripts/rt/data/unisim_comp.v:19468]
	Parameter CAPACITANCE bound to: DONT_CARE - type: string 
	Parameter IBUF_DELAY_VALUE bound to: 0 - type: string 
	Parameter IBUF_LOW_PWR bound to: TRUE - type: string 
	Parameter IFD_DELAY_VALUE bound to: AUTO - type: string 
	Parameter IOSTANDARD bound to: DEFAULT - type: string 
INFO: [Synth 8-256] done synthesizing module 'IBUF' (2#1) [D:/Xilinx/Vivado/2017.3/scripts/rt/data/unisim_comp.v:19468]
INFO: [Synth 8-638] synthesizing module 'MMCME2_ADV' [D:/Xilinx/Vivado/2017.3/scripts/rt/data/unisim_comp.v:25757]
	Parameter BANDWIDTH bound to: OPTIMIZED - type: string 
	Parameter CLKFBOUT_MULT_F bound to: 10.000000 - type: float 
	Parameter CLKFBOUT_PHASE bound to: 0.000000 - type: float 
	Parameter CLKFBOUT_USE_FINE_PS bound to: FALSE - type: string 
	Parameter CLKIN1_PERIOD bound to: 10.000000 - type: float 
	Parameter CLKIN2_PERIOD bound to: 0.000000 - type: float 
	Parameter CLKOUT0_DIVIDE_F bound to: 10.000000 - type: float 
	Parameter CLKOUT0_DUTY_CYCLE bound to: 0.500000 - type: float 
	Parameter CLKOUT0_PHASE bound to: 0.000000 - type: float 
	Parameter CLKOUT0_USE_FINE_PS bound to: FALSE - type: string 
	Parameter CLKOUT1_DIVIDE bound to: 25 - type: integer 
	Parameter CLKOUT1_DUTY_CYCLE bound to: 0.500000 - type: float 
	Parameter CLKOUT1_PHASE bound to: 0.000000 - type: float 
	Parameter CLKOUT1_USE_FINE_PS bound to: FALSE - type: string 
	Parameter CLKOUT2_DIVIDE bound to: 1 - type: integer 
	Parameter CLKOUT2_DUTY_CYCLE bound to: 0.500000 - type: float 
	Parameter CLKOUT2_PHASE bound to: 0.000000 - type: float 
	Parameter CLKOUT2_USE_FINE_PS bound to: FALSE - type: string 
	Parameter CLKOUT3_DIVIDE bound to: 1 - type: integer 
	Parameter CLKOUT3_DUTY_CYCLE bound to: 0.500000 - type: float 
	Parameter CLKOUT3_PHASE bound to: 0.000000 - type: float 
	Parameter CLKOUT3_USE_FINE_PS bound to: FALSE - type: string 
	Parameter CLKOUT4_CASCADE bound to: FALSE - type: string 
	Parameter CLKOUT4_DIVIDE bound to: 1 - type: integer 
	Parameter CLKOUT4_DUTY_CYCLE bound to: 0.500000 - type: float 
	Parameter CLKOUT4_PHASE bound to: 0.000000 - type: float 
	Parameter CLKOUT4_USE_FINE_PS bound to: FALSE - type: string 
	Parameter CLKOUT5_DIVIDE bound to: 1 - type: integer 
	Parameter CLKOUT5_DUTY_CYCLE bound to: 0.500000 - type: float 
	Parameter CLKOUT5_PHASE bound to: 0.000000 - type: float 
	Parameter CLKOUT5_USE_FINE_PS bound to: FALSE - type: string 
	Parameter CLKOUT6_DIVIDE bound to: 1 - type: integer 
	Parameter CLKOUT6_DUTY_CYCLE bound to: 0.500000 - type: float 
	Parameter CLKOUT6_PHASE bound to: 0.000000 - type: float 
	Parameter CLKOUT6_USE_FINE_PS bound to: FALSE - type: string 
	Parameter COMPENSATION bound to: ZHOLD - type: string 
	Parameter DIVCLK_DIVIDE bound to: 1 - type: integer 
	Parameter IS_CLKINSEL_INVERTED bound to: 1'b0 
	Parameter IS_PSEN_INVERTED bound to: 1'b0 
	Parameter IS_PSINCDEC_INVERTED bound to: 1'b0 
	Parameter IS_PWRDWN_INVERTED bound to: 1'b0 
	Parameter IS_RST_INVERTED bound to: 1'b0 
	Parameter REF_JITTER1 bound to: 0.010000 - type: float 
	Parameter REF_JITTER2 bound to: 0.010000 - type: float 
	Parameter SS_EN bound to: FALSE - type: string 
	Parameter SS_MODE bound to: CENTER_HIGH - type: string 
	Parameter SS_MOD_PERIOD bound to: 10000 - type: integer 
	Parameter STARTUP_WAIT bound to: FALSE - type: string 
INFO: [Synth 8-256] done synthesizing module 'MMCME2_ADV' (3#1) [D:/Xilinx/Vivado/2017.3/scripts/rt/data/unisim_comp.v:25757]
INFO: [Synth 8-638] synthesizing module 'BUFG' [D:/Xilinx/Vivado/2017.3/scripts/rt/data/unisim_comp.v:607]
INFO: [Synth 8-256] done synthesizing module 'BUFG' (4#1) [D:/Xilinx/Vivado/2017.3/scripts/rt/data/unisim_comp.v:607]
INFO: [Synth 8-638] synthesizing module 'BUFGCE' [D:/Xilinx/Vivado/2017.3/scripts/rt/data/unisim_comp.v:617]
	Parameter CE_TYPE bound to: SYNC - type: string 
	Parameter IS_CE_INVERTED bound to: 1'b0 
	Parameter IS_I_INVERTED bound to: 1'b0 
INFO: [Synth 8-256] done synthesizing module 'BUFGCE' (5#1) [D:/Xilinx/Vivado/2017.3/scripts/rt/data/unisim_comp.v:617]
INFO: [Synth 8-638] synthesizing module 'BUFH' [D:/Xilinx/Vivado/2017.3/scripts/rt/data/unisim_comp.v:806]
INFO: [Synth 8-256] done synthesizing module 'BUFH' (6#1) [D:/Xilinx/Vivado/2017.3/scripts/rt/data/unisim_comp.v:806]
INFO: [Synth 8-256] done synthesizing module 'clk_wiz_0_clk_wiz' (7#1) [d:/Uklady_elektroniki_cyfrowej_2/Lab_3/build/vga_project.srcs/sources_1/ip/clk_wiz_0/clk_wiz_0_clk_wiz.v:69]
INFO: [Synth 8-256] done synthesizing module 'clk_wiz_0' (8#1) [d:/Uklady_elektroniki_cyfrowej_2/Lab_3/build/vga_project.srcs/sources_1/ip/clk_wiz_0/clk_wiz_0.v:71]
INFO: [Synth 8-638] synthesizing module 'vga_timing' [D:/Uklady_elektroniki_cyfrowej_2/Lab_3/rtl/vga_timing.v:13]
	Parameter HOR_TOTAL_TIME bound to: 1056 - type: integer 
	Parameter HOR_BLANK_START bound to: 800 - type: integer 
	Parameter HOR_BLANK_STOP bound to: 1056 - type: integer 
	Parameter HOR_SYNC_START bound to: 840 - type: integer 
	Parameter HOR_SYNC_STOP bound to: 968 - type: integer 
	Parameter VER_TOTAL_TIME bound to: 628 - type: integer 
	Parameter VER_BLANK_START bound to: 600 - type: integer 
	Parameter VER_BLANK_STOP bound to: 628 - type: integer 
	Parameter VER_SYNC_START bound to: 601 - type: integer 
	Parameter VER_SYNC_STOP bound to: 605 - type: integer 
INFO: [Synth 8-256] done synthesizing module 'vga_timing' (9#1) [D:/Uklady_elektroniki_cyfrowej_2/Lab_3/rtl/vga_timing.v:13]
INFO: [Synth 8-638] synthesizing module 'draw_background' [D:/Uklady_elektroniki_cyfrowej_2/Lab_3/build/vga_project.srcs/sources_1/new/draw_background.v:3]
INFO: [Synth 8-256] done synthesizing module 'draw_background' (10#1) [D:/Uklady_elektroniki_cyfrowej_2/Lab_3/build/vga_project.srcs/sources_1/new/draw_background.v:3]
INFO: [Synth 8-638] synthesizing module 'draw_rect' [D:/Uklady_elektroniki_cyfrowej_2/Lab_3/build/vga_project.srcs/sources_1/new/draw_rect.v:3]
	Parameter WIDTH bound to: 2 - type: integer 
	Parameter HEIGHT bound to: 3 - type: integer 
	Parameter COLOR bound to: 12'b111111111111 
INFO: [Synth 8-256] done synthesizing module 'draw_rect' (11#1) [D:/Uklady_elektroniki_cyfrowej_2/Lab_3/build/vga_project.srcs/sources_1/new/draw_rect.v:3]
INFO: [Synth 8-638] synthesizing module 'MouseCtl' [D:/Uklady_elektroniki_cyfrowej_2/Lab_3/build/vga_project.srcs/sources_1/imports/Lab_3/MouseCtl.vhd:207]
	Parameter SYSCLK_FREQUENCY_HZ bound to: 100000000 - type: integer 
	Parameter CHECK_PERIOD_MS bound to: 500 - type: integer 
	Parameter TIMEOUT_PERIOD_MS bound to: 100 - type: integer 
INFO: [Synth 8-3491] module 'Ps2Interface' declared at 'D:/Uklady_elektroniki_cyfrowej_2/Lab_3/build/vga_project.srcs/sources_1/imports/Lab_3/Ps2Interface.vhd:152' bound to instance 'Inst_Ps2Interface' of component 'Ps2Interface' [D:/Uklady_elektroniki_cyfrowej_2/Lab_3/build/vga_project.srcs/sources_1/imports/Lab_3/MouseCtl.vhd:369]
INFO: [Synth 8-638] synthesizing module 'Ps2Interface' [D:/Uklady_elektroniki_cyfrowej_2/Lab_3/build/vga_project.srcs/sources_1/imports/Lab_3/Ps2Interface.vhd:180]
INFO: [Synth 8-256] done synthesizing module 'Ps2Interface' (12#1) [D:/Uklady_elektroniki_cyfrowej_2/Lab_3/build/vga_project.srcs/sources_1/imports/Lab_3/Ps2Interface.vhd:180]
WARNING: [Synth 8-6014] Unused sequential element inc_reg was removed.  [D:/Uklady_elektroniki_cyfrowej_2/Lab_3/build/vga_project.srcs/sources_1/imports/Lab_3/MouseCtl.vhd:450]
WARNING: [Synth 8-6014] Unused sequential element x_inter_reg was removed.  [D:/Uklady_elektroniki_cyfrowej_2/Lab_3/build/vga_project.srcs/sources_1/imports/Lab_3/MouseCtl.vhd:456]
WARNING: [Synth 8-6014] Unused sequential element inc_reg was removed.  [D:/Uklady_elektroniki_cyfrowej_2/Lab_3/build/vga_project.srcs/sources_1/imports/Lab_3/MouseCtl.vhd:514]
WARNING: [Synth 8-6014] Unused sequential element y_inter_reg was removed.  [D:/Uklady_elektroniki_cyfrowej_2/Lab_3/build/vga_project.srcs/sources_1/imports/Lab_3/MouseCtl.vhd:520]
INFO: [Synth 8-256] done synthesizing module 'MouseCtl' (13#1) [D:/Uklady_elektroniki_cyfrowej_2/Lab_3/build/vga_project.srcs/sources_1/imports/Lab_3/MouseCtl.vhd:207]
WARNING: [Synth 8-350] instance 'u_MouseCtl' of module 'MouseCtl' requires 16 connections, but only 6 given [D:/Uklady_elektroniki_cyfrowej_2/Lab_3/rtl/vga_example.v:162]
INFO: [Synth 8-256] done synthesizing module 'vga_example' (14#1) [D:/Uklady_elektroniki_cyfrowej_2/Lab_3/rtl/vga_example.v:13]
---------------------------------------------------------------------------------
Finished RTL Elaboration : Time (s): cpu = 00:00:07 ; elapsed = 00:00:07 . Memory (MB): peak = 1967.664 ; gain = 43.441
---------------------------------------------------------------------------------

Report Check Netlist: 
+------+------------------+-------+---------+-------+------------------+
|      |Item              |Errors |Warnings |Status |Description       |
+------+------------------+-------+---------+-------+------------------+
|1     |multi_driven_nets |      0|        0|Passed |Multi driven nets |
+------+------------------+-------+---------+-------+------------------+
WARNING: [Synth 8-3295] tying undriven pin u_MouseCtl:value[11] to constant 0 [D:/Uklady_elektroniki_cyfrowej_2/Lab_3/rtl/vga_example.v:162]
WARNING: [Synth 8-3295] tying undriven pin u_MouseCtl:value[10] to constant 0 [D:/Uklady_elektroniki_cyfrowej_2/Lab_3/rtl/vga_example.v:162]
WARNING: [Synth 8-3295] tying undriven pin u_MouseCtl:value[9] to constant 0 [D:/Uklady_elektroniki_cyfrowej_2/Lab_3/rtl/vga_example.v:162]
WARNING: [Synth 8-3295] tying undriven pin u_MouseCtl:value[8] to constant 0 [D:/Uklady_elektroniki_cyfrowej_2/Lab_3/rtl/vga_example.v:162]
WARNING: [Synth 8-3295] tying undriven pin u_MouseCtl:value[7] to constant 0 [D:/Uklady_elektroniki_cyfrowej_2/Lab_3/rtl/vga_example.v:162]
WARNING: [Synth 8-3295] tying undriven pin u_MouseCtl:value[6] to constant 0 [D:/Uklady_elektroniki_cyfrowej_2/Lab_3/rtl/vga_example.v:162]
WARNING: [Synth 8-3295] tying undriven pin u_MouseCtl:value[5] to constant 0 [D:/Uklady_elektroniki_cyfrowej_2/Lab_3/rtl/vga_example.v:162]
WARNING: [Synth 8-3295] tying undriven pin u_MouseCtl:value[4] to constant 0 [D:/Uklady_elektroniki_cyfrowej_2/Lab_3/rtl/vga_example.v:162]
WARNING: [Synth 8-3295] tying undriven pin u_MouseCtl:value[3] to constant 0 [D:/Uklady_elektroniki_cyfrowej_2/Lab_3/rtl/vga_example.v:162]
WARNING: [Synth 8-3295] tying undriven pin u_MouseCtl:value[2] to constant 0 [D:/Uklady_elektroniki_cyfrowej_2/Lab_3/rtl/vga_example.v:162]
WARNING: [Synth 8-3295] tying undriven pin u_MouseCtl:value[1] to constant 0 [D:/Uklady_elektroniki_cyfrowej_2/Lab_3/rtl/vga_example.v:162]
WARNING: [Synth 8-3295] tying undriven pin u_MouseCtl:value[0] to constant 0 [D:/Uklady_elektroniki_cyfrowej_2/Lab_3/rtl/vga_example.v:162]
WARNING: [Synth 8-3295] tying undriven pin u_MouseCtl:setx to constant 0 [D:/Uklady_elektroniki_cyfrowej_2/Lab_3/rtl/vga_example.v:162]
WARNING: [Synth 8-3295] tying undriven pin u_MouseCtl:sety to constant 0 [D:/Uklady_elektroniki_cyfrowej_2/Lab_3/rtl/vga_example.v:162]
WARNING: [Synth 8-3295] tying undriven pin u_MouseCtl:setmax_x to constant 0 [D:/Uklady_elektroniki_cyfrowej_2/Lab_3/rtl/vga_example.v:162]
WARNING: [Synth 8-3295] tying undriven pin u_MouseCtl:setmax_y to constant 0 [D:/Uklady_elektroniki_cyfrowej_2/Lab_3/rtl/vga_example.v:162]
---------------------------------------------------------------------------------
Finished RTL Optimization Phase 1 : Time (s): cpu = 00:00:07 ; elapsed = 00:00:07 . Memory (MB): peak = 1967.664 ; gain = 43.441
---------------------------------------------------------------------------------
INFO: [Netlist 29-17] Analyzing 5 Unisim elements for replacement
INFO: [Netlist 29-28] Unisim Transformation completed in 0 CPU seconds
INFO: [Project 1-570] Preparing netlist for logic optimization

Processing XDC Constraints
Initializing timing engine
Parsing XDC File [d:/Uklady_elektroniki_cyfrowej_2/Lab_3/build/vga_project.srcs/sources_1/ip/clk_wiz_0/clk_wiz_0_board.xdc] for cell 'clk_wiz_0/inst'
Finished Parsing XDC File [d:/Uklady_elektroniki_cyfrowej_2/Lab_3/build/vga_project.srcs/sources_1/ip/clk_wiz_0/clk_wiz_0_board.xdc] for cell 'clk_wiz_0/inst'
Parsing XDC File [d:/Uklady_elektroniki_cyfrowej_2/Lab_3/build/vga_project.srcs/sources_1/ip/clk_wiz_0/clk_wiz_0.xdc] for cell 'clk_wiz_0/inst'
Finished Parsing XDC File [d:/Uklady_elektroniki_cyfrowej_2/Lab_3/build/vga_project.srcs/sources_1/ip/clk_wiz_0/clk_wiz_0.xdc] for cell 'clk_wiz_0/inst'
INFO: [Project 1-236] Implementation specific constraints were found while reading constraint file [d:/Uklady_elektroniki_cyfrowej_2/Lab_3/build/vga_project.srcs/sources_1/ip/clk_wiz_0/clk_wiz_0.xdc]. These constraints will be ignored for synthesis but will be used in implementation. Impacted constraints are listed in the file [.Xil/vga_example_propImpl.xdc].
Resolution: To avoid this warning, move constraints listed in [.Xil/vga_example_propImpl.xdc] to another XDC file and exclude this new file from synthesis with the used_in_synthesis property (File Properties dialog in GUI) and re-run elaboration/synthesis.
INFO: [Timing 38-2] Deriving generated clocks
Parsing XDC File [D:/Uklady_elektroniki_cyfrowej_2/Lab_3/constraints/vga_example.xdc]
Finished Parsing XDC File [D:/Uklady_elektroniki_cyfrowej_2/Lab_3/constraints/vga_example.xdc]
Parsing XDC File [d:/Uklady_elektroniki_cyfrowej_2/Lab_3/build/vga_project.srcs/sources_1/ip/clk_wiz_0/clk_wiz_0_late.xdc] for cell 'clk_wiz_0/inst'
Finished Parsing XDC File [d:/Uklady_elektroniki_cyfrowej_2/Lab_3/build/vga_project.srcs/sources_1/ip/clk_wiz_0/clk_wiz_0_late.xdc] for cell 'clk_wiz_0/inst'
Completed Processing XDC Constraints

INFO: [Opt 31-140] Inserted 1 IBUFs to IO ports without IO buffers.
INFO: [Opt 31-141] Inserted 1 OBUFs to IO ports without IO buffers.
INFO: [Opt 31-138] Pushed 0 inverter(s) to 0 load pin(s).
refresh_design: Time (s): cpu = 00:00:14 ; elapsed = 00:00:12 . Memory (MB): peak = 1998.426 ; gain = 74.203
reset_run synth_1
launch_runs impl_1 -to_step write_bitstream -jobs 3
[Wed Mar 30 12:34:42 2022] Launched synth_1...
Run output will be captured here: D:/Uklady_elektroniki_cyfrowej_2/Lab_3/build/vga_project.runs/synth_1/runme.log
[Wed Mar 30 12:34:42 2022] Launched impl_1...
Run output will be captured here: D:/Uklady_elektroniki_cyfrowej_2/Lab_3/build/vga_project.runs/impl_1/runme.log
set_property PROBES.FILE {} [get_hw_devices xc7a35t_0]
set_property FULL_PROBES.FILE {} [get_hw_devices xc7a35t_0]
set_property PROGRAM.FILE {D:/Uklady_elektroniki_cyfrowej_2/Lab_3/build/vga_project.runs/impl_1/vga_example.bit} [get_hw_devices xc7a35t_0]
program_hw_devices [get_hw_devices xc7a35t_0]
INFO: [Labtools 27-3164] End of startup status: HIGH
refresh_hw_device [lindex [get_hw_devices xc7a35t_0] 0]
INFO: [Labtools 27-1434] Device xc7a35t (JTAG device index = 0) is programmed with a design that has no supported debug core(s) in it.
WARNING: [Labtools 27-3361] The debug hub core was not detected.
Resolution: 
1. Make sure the clock connected to the debug hub (dbg_hub) core is a free running clock and is active.
2. Make sure the BSCAN_SWITCH_USER_MASK device property in Vivado Hardware Manager reflects the user scan chain setting in the design and refresh the device.  To determine the user scan chain setting in the design, open the implemented design and use 'get_property C_USER_SCAN_CHAIN [get_debug_cores dbg_hub]'.
For more details on setting the scan chain property, consult the Vivado Debug and Programming User Guide (UG908).
reset_run synth_1
launch_runs impl_1 -to_step write_bitstream -jobs 3
[Wed Mar 30 12:43:31 2022] Launched synth_1...
Run output will be captured here: D:/Uklady_elektroniki_cyfrowej_2/Lab_3/build/vga_project.runs/synth_1/runme.log
[Wed Mar 30 12:43:31 2022] Launched impl_1...
Run output will be captured here: D:/Uklady_elektroniki_cyfrowej_2/Lab_3/build/vga_project.runs/impl_1/runme.log
set_property PROBES.FILE {} [get_hw_devices xc7a35t_0]
set_property FULL_PROBES.FILE {} [get_hw_devices xc7a35t_0]
set_property PROGRAM.FILE {D:/Uklady_elektroniki_cyfrowej_2/Lab_3/build/vga_project.runs/impl_1/vga_example.bit} [get_hw_devices xc7a35t_0]
program_hw_devices [get_hw_devices xc7a35t_0]
INFO: [Labtools 27-3164] End of startup status: HIGH
refresh_hw_device [lindex [get_hw_devices xc7a35t_0] 0]
INFO: [Labtools 27-1434] Device xc7a35t (JTAG device index = 0) is programmed with a design that has no supported debug core(s) in it.
WARNING: [Labtools 27-3361] The debug hub core was not detected.
Resolution: 
1. Make sure the clock connected to the debug hub (dbg_hub) core is a free running clock and is active.
2. Make sure the BSCAN_SWITCH_USER_MASK device property in Vivado Hardware Manager reflects the user scan chain setting in the design and refresh the device.  To determine the user scan chain setting in the design, open the implemented design and use 'get_property C_USER_SCAN_CHAIN [get_debug_cores dbg_hub]'.
For more details on setting the scan chain property, consult the Vivado Debug and Programming User Guide (UG908).
reset_run synth_1
launch_runs impl_1 -to_step write_bitstream -jobs 3
[Wed Mar 30 12:48:42 2022] Launched synth_1...
Run output will be captured here: D:/Uklady_elektroniki_cyfrowej_2/Lab_3/build/vga_project.runs/synth_1/runme.log
[Wed Mar 30 12:48:42 2022] Launched impl_1...
Run output will be captured here: D:/Uklady_elektroniki_cyfrowej_2/Lab_3/build/vga_project.runs/impl_1/runme.log
set_property PROBES.FILE {} [get_hw_devices xc7a35t_0]
set_property FULL_PROBES.FILE {} [get_hw_devices xc7a35t_0]
set_property PROGRAM.FILE {D:/Uklady_elektroniki_cyfrowej_2/Lab_3/build/vga_project.runs/impl_1/vga_example.bit} [get_hw_devices xc7a35t_0]
program_hw_devices [get_hw_devices xc7a35t_0]
INFO: [Labtools 27-3164] End of startup status: HIGH
refresh_hw_device [lindex [get_hw_devices xc7a35t_0] 0]
INFO: [Labtools 27-1434] Device xc7a35t (JTAG device index = 0) is programmed with a design that has no supported debug core(s) in it.
WARNING: [Labtools 27-3361] The debug hub core was not detected.
Resolution: 
1. Make sure the clock connected to the debug hub (dbg_hub) core is a free running clock and is active.
2. Make sure the BSCAN_SWITCH_USER_MASK device property in Vivado Hardware Manager reflects the user scan chain setting in the design and refresh the device.  To determine the user scan chain setting in the design, open the implemented design and use 'get_property C_USER_SCAN_CHAIN [get_debug_cores dbg_hub]'.
For more details on setting the scan chain property, consult the Vivado Debug and Programming User Guide (UG908).
launch_simulation
INFO: [Vivado 12-5698] Checking validity of IPs in the design for the 'XSim' simulator...
INFO: [Vivado 12-5682] Launching behavioral simulation in 'D:/Uklady_elektroniki_cyfrowej_2/Lab_3/build/vga_project.sim/sim_1/behav/xsim'
INFO: [Vivado 12-4795] Using compiled simulation libraries for IPs
INFO: [SIM-utils-51] Simulation object is 'sim_1'
INFO: [USF-XSim-7] Finding pre-compiled libraries...
INFO: [USF-XSim-11] File 'D:/Xilinx/Vivado/2017.3/data/xsim/ip/xsim_ip.ini' copied to run dir:'D:/Uklady_elektroniki_cyfrowej_2/Lab_3/build/vga_project.sim/sim_1/behav/xsim'
INFO: [SIM-utils-54] Inspecting design source files for 'testbench' in fileset 'sim_1'...
INFO: [USF-XSim-97] Finding global include files...
INFO: [USF-XSim-98] Fetching design files from 'sim_1'...
INFO: [USF-XSim-2] XSim::Compile design
INFO: [USF-XSim-61] Executing 'COMPILE and ANALYZE' step in 'D:/Uklady_elektroniki_cyfrowej_2/Lab_3/build/vga_project.sim/sim_1/behav/xsim'
"xvlog --incr --relax -prj testbench_vlog.prj"
INFO: [VRFC 10-2263] Analyzing Verilog file "D:/Uklady_elektroniki_cyfrowej_2/Lab_3/build/vga_project.srcs/sources_1/ip/clk_wiz_0/clk_wiz_0_clk_wiz.v" into library xil_defaultlib
INFO: [VRFC 10-311] analyzing module clk_wiz_0_clk_wiz
INFO: [VRFC 10-2458] undeclared symbol clk_100Mhz_clk_wiz_0_en_clk, assumed default net type wire [D:/Uklady_elektroniki_cyfrowej_2/Lab_3/build/vga_project.srcs/sources_1/ip/clk_wiz_0/clk_wiz_0_clk_wiz.v:215]
INFO: [VRFC 10-2458] undeclared symbol clk_40Mhz_clk_wiz_0_en_clk, assumed default net type wire [D:/Uklady_elektroniki_cyfrowej_2/Lab_3/build/vga_project.srcs/sources_1/ip/clk_wiz_0/clk_wiz_0_clk_wiz.v:234]
INFO: [VRFC 10-2263] Analyzing Verilog file "D:/Uklady_elektroniki_cyfrowej_2/Lab_3/build/vga_project.srcs/sources_1/ip/clk_wiz_0/clk_wiz_0.v" into library xil_defaultlib
INFO: [VRFC 10-311] analyzing module clk_wiz_0
INFO: [VRFC 10-2263] Analyzing Verilog file "D:/Uklady_elektroniki_cyfrowej_2/Lab_3/build/vga_project.srcs/sources_1/new/draw_background.v" into library xil_defaultlib
INFO: [VRFC 10-311] analyzing module draw_background
INFO: [VRFC 10-2263] Analyzing Verilog file "D:/Uklady_elektroniki_cyfrowej_2/Lab_3/build/vga_project.srcs/sources_1/new/draw_rect.v" into library xil_defaultlib
INFO: [VRFC 10-311] analyzing module draw_rect
INFO: [VRFC 10-2263] Analyzing Verilog file "D:/Uklady_elektroniki_cyfrowej_2/Lab_3/sim/tiff_writer.v" into library xil_defaultlib
INFO: [VRFC 10-311] analyzing module tiff_writer
INFO: [VRFC 10-2263] Analyzing Verilog file "D:/Uklady_elektroniki_cyfrowej_2/Lab_3/rtl/vga_example.v" into library xil_defaultlib
INFO: [VRFC 10-311] analyzing module vga_example
INFO: [VRFC 10-2263] Analyzing Verilog file "D:/Uklady_elektroniki_cyfrowej_2/Lab_3/rtl/vga_timing.v" into library xil_defaultlib
INFO: [VRFC 10-311] analyzing module vga_timing
INFO: [VRFC 10-2263] Analyzing Verilog file "D:/Uklady_elektroniki_cyfrowej_2/Lab_3/sim/testbench.v" into library xil_defaultlib
INFO: [VRFC 10-311] analyzing module testbench
INFO: [VRFC 10-2263] Analyzing Verilog file "D:/Uklady_elektroniki_cyfrowej_2/Lab_3/build/vga_project.sim/sim_1/behav/xsim/glbl.v" into library xil_defaultlib
INFO: [VRFC 10-311] analyzing module glbl
"xvhdl --incr --relax -prj testbench_vhdl.prj"
INFO: [VRFC 10-163] Analyzing VHDL file "D:/Uklady_elektroniki_cyfrowej_2/Lab_3/build/vga_project.srcs/sources_1/imports/Lab_3/MouseCtl.vhd" into library xil_defaultlib
INFO: [VRFC 10-307] analyzing entity MouseCtl
INFO: [VRFC 10-163] Analyzing VHDL file "D:/Uklady_elektroniki_cyfrowej_2/Lab_3/build/vga_project.srcs/sources_1/imports/Lab_3/Ps2Interface.vhd" into library xil_defaultlib
INFO: [VRFC 10-307] analyzing entity Ps2Interface
INFO: [USF-XSim-69] 'compile' step finished in '3' seconds
INFO: [USF-XSim-3] XSim::Elaborate design
INFO: [USF-XSim-61] Executing 'ELABORATE' step in 'D:/Uklady_elektroniki_cyfrowej_2/Lab_3/build/vga_project.sim/sim_1/behav/xsim'
Vivado Simulator 2017.3
Copyright 1986-1999, 2001-2016 Xilinx, Inc. All Rights Reserved.
Running: D:/Xilinx/Vivado/2017.3/bin/unwrapped/win64.o/xelab.exe -wto 66f872df491244bdb3231f021275aa26 --incr --debug typical --relax --mt 2 -L xil_defaultlib -L unisims_ver -L unimacro_ver -L secureip -L xpm --snapshot testbench_behav xil_defaultlib.testbench xil_defaultlib.glbl -log elaborate.log 
Using 2 slave threads.
Starting static elaboration
Completed static elaboration
Starting simulation data flow analysis
Completed simulation data flow analysis
Time Resolution for simulation is 1ps
Compiling package std.standard
Compiling package std.textio
Compiling package ieee.std_logic_1164
Compiling package ieee.std_logic_arith
Compiling package ieee.std_logic_unsigned
Compiling package unisim.vcomponents
Compiling module unisims_ver.ODDR
Compiling module unisims_ver.IBUF
Compiling module unisims_ver.MMCME2_ADV(CLKFBOUT_MULT_F=10.0,...
Compiling module unisims_ver.BUFG
Compiling module unisims_ver.BUFGCE_default
Compiling module unisims_ver.BUFH
Compiling module xil_defaultlib.clk_wiz_0_clk_wiz
Compiling module xil_defaultlib.clk_wiz_0
Compiling module xil_defaultlib.vga_timing
Compiling module xil_defaultlib.draw_background
Compiling module xil_defaultlib.draw_rect
Compiling architecture behavioral of entity xil_defaultlib.Ps2Interface [ps2interface_default]
Compiling architecture behavioral of entity xil_defaultlib.MouseCtl [mousectl_default]
Compiling module xil_defaultlib.vga_example
Compiling module xil_defaultlib.tiff_writer
Compiling module xil_defaultlib.testbench
Compiling module xil_defaultlib.glbl
Built simulation snapshot testbench_behav

****** Webtalk v2017.3 (64-bit)
  **** SW Build 2018833 on Wed Oct  4 19:58:22 MDT 2017
  **** IP Build 2016188 on Wed Oct  4 21:52:56 MDT 2017
    ** Copyright 1986-2017 Xilinx, Inc. All Rights Reserved.

source D:/Uklady_elektroniki_cyfrowej_2/Lab_3/build/vga_project.sim/sim_1/behav/xsim/xsim.dir/testbench_behav/webtalk/xsim_webtalk.tcl -notrace
INFO: [Common 17-206] Exiting Webtalk at Wed Mar 30 12:51:18 2022...
run_program: Time (s): cpu = 00:00:00 ; elapsed = 00:00:07 . Memory (MB): peak = 1998.426 ; gain = 0.000
INFO: [USF-XSim-69] 'elaborate' step finished in '7' seconds
INFO: [USF-XSim-4] XSim::Simulate design
INFO: [USF-XSim-61] Executing 'SIMULATE' step in 'D:/Uklady_elektroniki_cyfrowej_2/Lab_3/build/vga_project.sim/sim_1/behav/xsim'
INFO: [USF-XSim-98] *** Running xsim
   with args "testbench_behav -key {Behavioral:sim_1:Functional:testbench} -tclbatch {testbench.tcl} -log {simulate.log}"
INFO: [USF-XSim-8] Loading simulator feature
Vivado Simulator 2017.3
Time resolution is 1 ps
source testbench.tcl
# set curr_wave [current_wave_config]
# if { [string length $curr_wave] == 0 } {
#   if { [llength [get_objects]] > 0} {
#     add_wave /
#     set_property needs_save false [current_wave_config]
#   } else {
#      send_msg_id Add_Wave-1 WARNING "No top level signals found. Simulator will start without a wave window. If you want to open a wave window go to 'File->New Waveform Configuration' or type 'create_wave_config' in the TCL console."
#   }
# }
# run 100ms
If simulation ends before the testbench
completes, use the menu option to run all.
Prepare to wait a long time...
run: Time (s): cpu = 00:00:08 ; elapsed = 00:00:27 . Memory (MB): peak = 1998.426 ; gain = 0.000
xsim: Time (s): cpu = 00:00:12 ; elapsed = 00:00:30 . Memory (MB): peak = 1998.426 ; gain = 0.000
INFO: [USF-XSim-96] XSim completed. Design snapshot 'testbench_behav' loaded.
INFO: [USF-XSim-97] XSim simulation ran for 100ms
launch_simulation: Time (s): cpu = 00:00:12 ; elapsed = 00:00:40 . Memory (MB): peak = 1998.426 ; gain = 0.000
restart
INFO: [Simtcl 6-17] Simulation restarted
run all
If simulation ends before the testbench
completes, use the menu option to run all.
Prepare to wait a long time...
run: Time (s): cpu = 00:00:18 ; elapsed = 00:02:46 . Memory (MB): peak = 1998.426 ; gain = 0.000
restart
INFO: [Simtcl 6-17] Simulation restarted
restart
INFO: [Simtcl 6-17] Simulation restarted
restart
INFO: [Simtcl 6-17] Simulation restarted
run all
If simulation ends before the testbench
completes, use the menu option to run all.
Prepare to wait a long time...
run: Time (s): cpu = 00:00:08 ; elapsed = 00:00:54 . Memory (MB): peak = 1998.426 ; gain = 0.000
restart
INFO: [Simtcl 6-17] Simulation restarted
run all
If simulation ends before the testbench
completes, use the menu option to run all.
Prepare to wait a long time...
run: Time (s): cpu = 00:00:03 ; elapsed = 00:00:15 . Memory (MB): peak = 1998.426 ; gain = 0.000
restart
INFO: [Simtcl 6-17] Simulation restarted
run all
If simulation ends before the testbench
completes, use the menu option to run all.
Prepare to wait a long time...
run: Time (s): cpu = 00:00:04 ; elapsed = 00:00:20 . Memory (MB): peak = 1998.426 ; gain = 0.000
close_sim
INFO: [Simtcl 6-16] Simulation closed
launch_simulation
INFO: [Vivado 12-5698] Checking validity of IPs in the design for the 'XSim' simulator...
INFO: [Vivado 12-5682] Launching behavioral simulation in 'D:/Uklady_elektroniki_cyfrowej_2/Lab_3/build/vga_project.sim/sim_1/behav/xsim'
INFO: [Vivado 12-4795] Using compiled simulation libraries for IPs
INFO: [SIM-utils-51] Simulation object is 'sim_1'
INFO: [USF-XSim-7] Finding pre-compiled libraries...
INFO: [USF-XSim-11] File 'D:/Xilinx/Vivado/2017.3/data/xsim/ip/xsim_ip.ini' copied to run dir:'D:/Uklady_elektroniki_cyfrowej_2/Lab_3/build/vga_project.sim/sim_1/behav/xsim'
INFO: [SIM-utils-54] Inspecting design source files for 'testbench' in fileset 'sim_1'...
INFO: [USF-XSim-97] Finding global include files...
INFO: [USF-XSim-98] Fetching design files from 'sim_1'...
INFO: [USF-XSim-2] XSim::Compile design
INFO: [USF-XSim-61] Executing 'COMPILE and ANALYZE' step in 'D:/Uklady_elektroniki_cyfrowej_2/Lab_3/build/vga_project.sim/sim_1/behav/xsim'
"xvlog --incr --relax -prj testbench_vlog.prj"
INFO: [VRFC 10-2263] Analyzing Verilog file "D:/Uklady_elektroniki_cyfrowej_2/Lab_3/build/vga_project.srcs/sources_1/ip/clk_wiz_0/clk_wiz_0_clk_wiz.v" into library xil_defaultlib
INFO: [VRFC 10-311] analyzing module clk_wiz_0_clk_wiz
INFO: [VRFC 10-2458] undeclared symbol clk_100Mhz_clk_wiz_0_en_clk, assumed default net type wire [D:/Uklady_elektroniki_cyfrowej_2/Lab_3/build/vga_project.srcs/sources_1/ip/clk_wiz_0/clk_wiz_0_clk_wiz.v:215]
INFO: [VRFC 10-2458] undeclared symbol clk_40Mhz_clk_wiz_0_en_clk, assumed default net type wire [D:/Uklady_elektroniki_cyfrowej_2/Lab_3/build/vga_project.srcs/sources_1/ip/clk_wiz_0/clk_wiz_0_clk_wiz.v:234]
INFO: [VRFC 10-2263] Analyzing Verilog file "D:/Uklady_elektroniki_cyfrowej_2/Lab_3/build/vga_project.srcs/sources_1/ip/clk_wiz_0/clk_wiz_0.v" into library xil_defaultlib
INFO: [VRFC 10-311] analyzing module clk_wiz_0
INFO: [VRFC 10-2263] Analyzing Verilog file "D:/Uklady_elektroniki_cyfrowej_2/Lab_3/build/vga_project.srcs/sources_1/new/draw_background.v" into library xil_defaultlib
INFO: [VRFC 10-311] analyzing module draw_background
INFO: [VRFC 10-2263] Analyzing Verilog file "D:/Uklady_elektroniki_cyfrowej_2/Lab_3/build/vga_project.srcs/sources_1/new/draw_rect.v" into library xil_defaultlib
INFO: [VRFC 10-311] analyzing module draw_rect
INFO: [VRFC 10-2263] Analyzing Verilog file "D:/Uklady_elektroniki_cyfrowej_2/Lab_3/sim/tiff_writer.v" into library xil_defaultlib
INFO: [VRFC 10-311] analyzing module tiff_writer
INFO: [VRFC 10-2263] Analyzing Verilog file "D:/Uklady_elektroniki_cyfrowej_2/Lab_3/rtl/vga_example.v" into library xil_defaultlib
INFO: [VRFC 10-311] analyzing module vga_example
INFO: [VRFC 10-2263] Analyzing Verilog file "D:/Uklady_elektroniki_cyfrowej_2/Lab_3/rtl/vga_timing.v" into library xil_defaultlib
INFO: [VRFC 10-311] analyzing module vga_timing
INFO: [VRFC 10-2263] Analyzing Verilog file "D:/Uklady_elektroniki_cyfrowej_2/Lab_3/sim/testbench.v" into library xil_defaultlib
INFO: [VRFC 10-311] analyzing module testbench
"xvhdl --incr --relax -prj testbench_vhdl.prj"
INFO: [USF-XSim-69] 'compile' step finished in '1' seconds
INFO: [USF-XSim-3] XSim::Elaborate design
INFO: [USF-XSim-61] Executing 'ELABORATE' step in 'D:/Uklady_elektroniki_cyfrowej_2/Lab_3/build/vga_project.sim/sim_1/behav/xsim'
Vivado Simulator 2017.3
Copyright 1986-1999, 2001-2016 Xilinx, Inc. All Rights Reserved.
Running: D:/Xilinx/Vivado/2017.3/bin/unwrapped/win64.o/xelab.exe -wto 66f872df491244bdb3231f021275aa26 --incr --debug typical --relax --mt 2 -L xil_defaultlib -L unisims_ver -L unimacro_ver -L secureip -L xpm --snapshot testbench_behav xil_defaultlib.testbench xil_defaultlib.glbl -log elaborate.log 
Using 2 slave threads.
Starting static elaboration
Completed static elaboration
Starting simulation data flow analysis
Completed simulation data flow analysis
Time Resolution for simulation is 1ps
Compiling package std.standard
Compiling package std.textio
Compiling package ieee.std_logic_1164
Compiling package ieee.std_logic_arith
Compiling package ieee.std_logic_unsigned
Compiling package unisim.vcomponents
Compiling module unisims_ver.ODDR
Compiling module unisims_ver.IBUF
Compiling module unisims_ver.MMCME2_ADV(CLKFBOUT_MULT_F=10.0,...
Compiling module unisims_ver.BUFG
Compiling module unisims_ver.BUFGCE_default
Compiling module unisims_ver.BUFH
Compiling module xil_defaultlib.clk_wiz_0_clk_wiz
Compiling module xil_defaultlib.clk_wiz_0
Compiling module xil_defaultlib.vga_timing
Compiling module xil_defaultlib.draw_background
Compiling module xil_defaultlib.draw_rect
Compiling architecture behavioral of entity xil_defaultlib.Ps2Interface [ps2interface_default]
Compiling architecture behavioral of entity xil_defaultlib.MouseCtl [mousectl_default]
Compiling module xil_defaultlib.vga_example
Compiling module xil_defaultlib.tiff_writer
Compiling module xil_defaultlib.testbench
Compiling module xil_defaultlib.glbl
Built simulation snapshot testbench_behav
INFO: [USF-XSim-69] 'elaborate' step finished in '4' seconds
INFO: [USF-XSim-4] XSim::Simulate design
INFO: [USF-XSim-61] Executing 'SIMULATE' step in 'D:/Uklady_elektroniki_cyfrowej_2/Lab_3/build/vga_project.sim/sim_1/behav/xsim'
INFO: [USF-XSim-98] *** Running xsim
   with args "testbench_behav -key {Behavioral:sim_1:Functional:testbench} -tclbatch {testbench.tcl} -log {simulate.log}"
INFO: [USF-XSim-8] Loading simulator feature
Vivado Simulator 2017.3
Time resolution is 1 ps
source testbench.tcl
# set curr_wave [current_wave_config]
# if { [string length $curr_wave] == 0 } {
#   if { [llength [get_objects]] > 0} {
#     add_wave /
#     set_property needs_save false [current_wave_config]
#   } else {
#      send_msg_id Add_Wave-1 WARNING "No top level signals found. Simulator will start without a wave window. If you want to open a wave window go to 'File->New Waveform Configuration' or type 'create_wave_config' in the TCL console."
#   }
# }
# run 100ms
If simulation ends before the testbench
completes, use the menu option to run all.
Prepare to wait a long time...
INFO: [Common 17-41] Interrupt caught. Command should exit soon.
run: Time (s): cpu = 00:00:02 ; elapsed = 00:00:07 . Memory (MB): peak = 1998.426 ; gain = 0.000
INFO: [Common 17-344] 'run' was cancelled
INFO: [Common 17-344] 'source' was cancelled
xsim: Time (s): cpu = 00:00:02 ; elapsed = 00:00:09 . Memory (MB): peak = 1998.426 ; gain = 0.000
INFO: [Common 17-344] 'xsim' was cancelled
INFO: [Vivado 12-5357] 'simulate' step aborted
launch_simulation: Time (s): cpu = 00:00:03 ; elapsed = 00:00:15 . Memory (MB): peak = 1998.426 ; gain = 0.000
INFO: [Common 17-344] 'launch_simulation' was cancelled
reset_run synth_1
WARNING: [Vivado 12-1017] Problems encountered:
1. Failed to delete one or more files in run directory D:/Uklady_elektroniki_cyfrowej_2/Lab_3/build/vga_project.runs/synth_1

launch_runs impl_1 -to_step write_bitstream -jobs 3
[Wed Mar 30 13:09:12 2022] Launched synth_1...
Run output will be captured here: D:/Uklady_elektroniki_cyfrowej_2/Lab_3/build/vga_project.runs/synth_1/runme.log
[Wed Mar 30 13:09:12 2022] Launched impl_1...
Run output will be captured here: D:/Uklady_elektroniki_cyfrowej_2/Lab_3/build/vga_project.runs/impl_1/runme.log
reset_run synth_1
WARNING: [Vivado 12-1017] Problems encountered:
1. Failed to delete one or more files in run directory D:/Uklady_elektroniki_cyfrowej_2/Lab_3/build/vga_project.runs/synth_1

launch_runs impl_1 -to_step write_bitstream -jobs 3
[Wed Mar 30 13:10:04 2022] Launched synth_1...
Run output will be captured here: D:/Uklady_elektroniki_cyfrowej_2/Lab_3/build/vga_project.runs/synth_1/runme.log
[Wed Mar 30 13:10:04 2022] Launched impl_1...
Run output will be captured here: D:/Uklady_elektroniki_cyfrowej_2/Lab_3/build/vga_project.runs/impl_1/runme.log
set_property PROBES.FILE {} [get_hw_devices xc7a35t_0]
set_property FULL_PROBES.FILE {} [get_hw_devices xc7a35t_0]
set_property PROGRAM.FILE {D:/Uklady_elektroniki_cyfrowej_2/Lab_3/build/vga_project.runs/impl_1/vga_example.bit} [get_hw_devices xc7a35t_0]
program_hw_devices [get_hw_devices xc7a35t_0]
INFO: [Labtools 27-3164] End of startup status: HIGH
refresh_hw_device [lindex [get_hw_devices xc7a35t_0] 0]
INFO: [Labtools 27-1434] Device xc7a35t (JTAG device index = 0) is programmed with a design that has no supported debug core(s) in it.
WARNING: [Labtools 27-3361] The debug hub core was not detected.
Resolution: 
1. Make sure the clock connected to the debug hub (dbg_hub) core is a free running clock and is active.
2. Make sure the BSCAN_SWITCH_USER_MASK device property in Vivado Hardware Manager reflects the user scan chain setting in the design and refresh the device.  To determine the user scan chain setting in the design, open the implemented design and use 'get_property C_USER_SCAN_CHAIN [get_debug_cores dbg_hub]'.
For more details on setting the scan chain property, consult the Vivado Debug and Programming User Guide (UG908).
ERROR: [Labtoolstcl 44-513] HW Target shutdown. Closing target: localhost:3121/xilinx_tcf/Digilent/210183739053A
close_sim
INFO: [Simtcl 6-16] Simulation closed
exit
INFO: [Common 17-206] Exiting Vivado at Wed Mar 30 13:12:40 2022...
