Copyright 1986-2017 Xilinx, Inc. All Rights Reserved.
-------------------------------------------------------------------------------------------------------------------------------------------------
| Tool Version : Vivado v.2017.3 (win64) Build 2018833 Wed Oct  4 19:58:22 MDT 2017
| Date         : Tue Mar 22 19:25:51 2022
| Host         : DESKTOP-Q7H21OJ running 64-bit major release  (build 9200)
| Command      : report_timing_summary -file vga_example_timing_summary_routed.rpt -warn_on_violation -rpx vga_example_timing_summary_routed.rpx
| Design       : vga_example
| Device       : 7a35t-cpg236
| Speed File   : -1  PRODUCTION 1.19 2017-08-11
-------------------------------------------------------------------------------------------------------------------------------------------------

Timing Summary Report

------------------------------------------------------------------------------------------------
| Timer Settings
| --------------
------------------------------------------------------------------------------------------------

  Enable Multi Corner Analysis               :  Yes
  Enable Pessimism Removal                   :  Yes
  Pessimism Removal Resolution               :  Nearest Common Node
  Enable Input Delay Default Clock           :  No
  Enable Preset / Clear Arcs                 :  No
  Disable Flight Delays                      :  No
  Ignore I/O Paths                           :  No
  Timing Early Launch at Borrowing Latches   :  false

  Corner  Analyze    Analyze    
  Name    Max Paths  Min Paths  
  ------  ---------  ---------  
  Slow    Yes        Yes        
  Fast    Yes        Yes        



check_timing report

Table of Contents
-----------------
1. checking no_clock
2. checking constant_clock
3. checking pulse_width_clock
4. checking unconstrained_internal_endpoints
5. checking no_input_delay
6. checking no_output_delay
7. checking multiple_clock
8. checking generated_clocks
9. checking loops
10. checking partial_input_delay
11. checking partial_output_delay
12. checking latch_loops

1. checking no_clock
--------------------
 There are 0 register/latch pins with no clock.


2. checking constant_clock
--------------------------
 There are 0 register/latch pins with constant_clock.


3. checking pulse_width_clock
-----------------------------
 There are 0 register/latch pins which need pulse_width check


4. checking unconstrained_internal_endpoints
--------------------------------------------
 There are 0 pins that are not constrained for maximum delay.

 There are 0 pins that are not constrained for maximum delay due to constant clock.


5. checking no_input_delay
--------------------------
 There is 1 input port with no input delay specified. (HIGH)

 There are 0 input ports with no input delay but user has a false path constraint.


6. checking no_output_delay
---------------------------
 There are 15 ports with no output delay specified. (HIGH)

 There are 0 ports with no output delay but user has a false path constraint

 There are 0 ports with no output delay but with a timing clock defined on it or propagating through it


7. checking multiple_clock
--------------------------
 There are 0 register/latch pins with multiple clocks.


8. checking generated_clocks
----------------------------
 There are 0 generated clocks that are not connected to a clock source.


9. checking loops
-----------------
 There are 0 combinational loops in the design.


10. checking partial_input_delay
--------------------------------
 There are 0 input ports with partial input delay specified.


11. checking partial_output_delay
---------------------------------
 There are 0 ports with partial output delay specified.


12. checking latch_loops
------------------------
 There are 0 combinational latch loops in the design through latch input



------------------------------------------------------------------------------------------------
| Design Timing Summary
| ---------------------
------------------------------------------------------------------------------------------------

    WNS(ns)      TNS(ns)  TNS Failing Endpoints  TNS Total Endpoints      WHS(ns)      THS(ns)  THS Failing Endpoints  THS Total Endpoints     WPWS(ns)     TPWS(ns)  TPWS Failing Endpoints  TPWS Total Endpoints  
    -------      -------  ---------------------  -------------------      -------      -------  ---------------------  -------------------     --------     --------  ----------------------  --------------------  
     17.182        0.000                      0                  125        0.077        0.000                      0                  125        3.000        0.000                       0                    95  


All user specified timing constraints are met.


------------------------------------------------------------------------------------------------
| Clock Summary
| -------------
------------------------------------------------------------------------------------------------

Clock           Waveform(ns)       Period(ns)      Frequency(MHz)
-----           ------------       ----------      --------------
external_clock  {0.000 5.000}      10.000          100.000         
  clk_out       {0.000 12.500}     25.000          40.000          
  clkfb         {0.000 5.000}      10.000          100.000         


------------------------------------------------------------------------------------------------
| Intra Clock Table
| -----------------
------------------------------------------------------------------------------------------------

Clock               WNS(ns)      TNS(ns)  TNS Failing Endpoints  TNS Total Endpoints      WHS(ns)      THS(ns)  THS Failing Endpoints  THS Total Endpoints     WPWS(ns)     TPWS(ns)  TPWS Failing Endpoints  TPWS Total Endpoints  
-----               -------      -------  ---------------------  -------------------      -------      -------  ---------------------  -------------------     --------     --------  ----------------------  --------------------  
external_clock                                                                                                                                                    3.000        0.000                       0                     1  
  clk_out            17.182        0.000                      0                  125        0.077        0.000                      0                  125       12.000        0.000                       0                    92  
  clkfb                                                                                                                                                           8.751        0.000                       0                     2  


------------------------------------------------------------------------------------------------
| Inter Clock Table
| -----------------
------------------------------------------------------------------------------------------------

From Clock    To Clock          WNS(ns)      TNS(ns)  TNS Failing Endpoints  TNS Total Endpoints      WHS(ns)      THS(ns)  THS Failing Endpoints  THS Total Endpoints  
----------    --------          -------      -------  ---------------------  -------------------      -------      -------  ---------------------  -------------------  


------------------------------------------------------------------------------------------------
| Other Path Groups Table
| -----------------------
------------------------------------------------------------------------------------------------

Path Group    From Clock    To Clock          WNS(ns)      TNS(ns)  TNS Failing Endpoints  TNS Total Endpoints      WHS(ns)      THS(ns)  THS Failing Endpoints  THS Total Endpoints  
----------    ----------    --------          -------      -------  ---------------------  -------------------      -------      -------  ---------------------  -------------------  


------------------------------------------------------------------------------------------------
| Timing Details
| --------------
------------------------------------------------------------------------------------------------


---------------------------------------------------------------------------------------------------
From Clock:  external_clock
  To Clock:  external_clock

Setup :           NA  Failing Endpoints,  Worst Slack           NA  ,  Total Violation           NA
Hold  :           NA  Failing Endpoints,  Worst Slack           NA  ,  Total Violation           NA
PW    :            0  Failing Endpoints,  Worst Slack        3.000ns,  Total Violation        0.000ns
---------------------------------------------------------------------------------------------------


Pulse Width Checks
--------------------------------------------------------------------------------------
Clock Name:         external_clock
Waveform(ns):       { 0.000 5.000 }
Period(ns):         10.000
Sources:            { clk }

Check Type        Corner  Lib Pin            Reference Pin  Required(ns)  Actual(ns)  Slack(ns)  Location         Pin
Min Period        n/a     MMCME2_ADV/CLKIN1  n/a            1.249         10.000      8.751      MMCME2_ADV_X1Y0  clk_in_mmcme2/CLKIN1
Max Period        n/a     MMCME2_ADV/CLKIN1  n/a            100.000       10.000      90.000     MMCME2_ADV_X1Y0  clk_in_mmcme2/CLKIN1
Low Pulse Width   Fast    MMCME2_ADV/CLKIN1  n/a            2.000         5.000       3.000      MMCME2_ADV_X1Y0  clk_in_mmcme2/CLKIN1
High Pulse Width  Slow    MMCME2_ADV/CLKIN1  n/a            2.000         5.000       3.000      MMCME2_ADV_X1Y0  clk_in_mmcme2/CLKIN1



---------------------------------------------------------------------------------------------------
From Clock:  clk_out
  To Clock:  clk_out

Setup :            0  Failing Endpoints,  Worst Slack       17.182ns,  Total Violation        0.000ns
Hold  :            0  Failing Endpoints,  Worst Slack        0.077ns,  Total Violation        0.000ns
PW    :            0  Failing Endpoints,  Worst Slack       12.000ns,  Total Violation        0.000ns
---------------------------------------------------------------------------------------------------


Max Delay Paths
--------------------------------------------------------------------------------------
Slack (MET) :             17.182ns  (required time - arrival time)
  Source:                 my_timing/hcount_reg[2]/C
                            (rising edge-triggered cell FDRE clocked by clk_out  {rise@0.000ns fall@12.500ns period=25.000ns})
  Destination:            u_draw_background/r_out_reg[1]/D
                            (rising edge-triggered cell FDRE clocked by clk_out  {rise@0.000ns fall@12.500ns period=25.000ns})
  Path Group:             clk_out
  Path Type:              Setup (Max at Slow Process Corner)
  Requirement:            25.000ns  (clk_out rise@25.000ns - clk_out rise@0.000ns)
  Data Path Delay:        7.741ns  (logic 2.205ns (28.485%)  route 5.536ns (71.515%))
  Logic Levels:           7  (CARRY4=1 LUT4=2 LUT5=2 LUT6=2)
  Clock Path Skew:        -0.022ns (DCD - SCD + CPR)
    Destination Clock Delay (DCD):    5.809ns = ( 30.809 - 25.000 ) 
    Source Clock Delay      (SCD):    6.158ns
    Clock Pessimism Removal (CPR):    0.327ns
  Clock Uncertainty:      0.085ns  ((TSJ^2 + DJ^2)^1/2) / 2 + PE
    Total System Jitter     (TSJ):    0.071ns
    Discrete Jitter          (DJ):    0.154ns
    Phase Error              (PE):    0.000ns

    Location             Delay type                Incr(ns)  Path(ns)    Netlist Resource(s)
  -------------------------------------------------------------------    -------------------
                         (clock clk_out rise edge)    0.000     0.000 r  
    W5                                                0.000     0.000 r  clk (IN)
                         net (fo=0)                   0.000     0.000    clk
    W5                   IBUF (Prop_ibuf_I_O)         1.458     1.458 r  clk_ibuf/O
                         net (fo=1, routed)           1.233     2.691    clk_in
    MMCME2_ADV_X1Y0      MMCME2_ADV (Prop_mmcme2_adv_CLKIN1_CLKOUT0)
                                                      0.088     2.779 r  clk_in_mmcme2/CLKOUT0
                         net (fo=2, routed)           1.661     4.441    clk_out
    BUFGCTRL_X0Y0        BUFGCTRL (Prop_bufgctrl_I0_O)
                                                      0.096     4.537 r  clk_out_bufgce/O
                         net (fo=81, routed)          1.621     6.158    my_timing/CLK
    SLICE_X0Y64          FDRE                                         r  my_timing/hcount_reg[2]/C
  -------------------------------------------------------------------    -------------------
    SLICE_X0Y64          FDRE (Prop_fdre_C_Q)         0.419     6.577 r  my_timing/hcount_reg[2]/Q
                         net (fo=33, routed)          1.222     7.799    my_timing/Q[0]
    SLICE_X4Y64          LUT4 (Prop_lut4_I1_O)        0.327     8.126 r  my_timing/vcount[10]_i_5/O
                         net (fo=4, routed)           0.714     8.840    my_timing/vcount[10]_i_5_n_0
    SLICE_X4Y64          LUT5 (Prop_lut5_I2_O)        0.332     9.172 r  my_timing/b_out3_carry__0_i_7/O
                         net (fo=14, routed)          1.046    10.218    my_timing/b_out3_carry__0_i_7_n_0
    SLICE_X5Y69          LUT4 (Prop_lut4_I1_O)        0.124    10.342 r  my_timing/b_out3_carry__2_i_1/O
                         net (fo=1, routed)           0.000    10.342    u_draw_background/hcount_reg[10]_1[3]
    SLICE_X5Y69          CARRY4 (Prop_carry4_S[3]_CO[3])
                                                      0.401    10.743 r  u_draw_background/b_out3_carry__2/CO[3]
                         net (fo=2, routed)           1.308    12.051    my_timing/CO[0]
    SLICE_X3Y65          LUT5 (Prop_lut5_I4_O)        0.152    12.203 r  my_timing/r_out[1]_i_14/O
                         net (fo=2, routed)           0.558    12.761    my_timing/r_out[1]_i_14_n_0
    SLICE_X1Y64          LUT6 (Prop_lut6_I3_O)        0.326    13.087 f  my_timing/r_out[1]_i_6/O
                         net (fo=3, routed)           0.688    13.775    my_timing/r_out_reg[1]_1
    SLICE_X1Y64          LUT6 (Prop_lut6_I4_O)        0.124    13.899 r  my_timing/r_out[1]_i_1/O
                         net (fo=1, routed)           0.000    13.899    u_draw_background/hcount_reg[4][0]
    SLICE_X1Y64          FDRE                                         r  u_draw_background/r_out_reg[1]/D
  -------------------------------------------------------------------    -------------------

                         (clock clk_out rise edge)   25.000    25.000 r  
    W5                                                0.000    25.000 r  clk (IN)
                         net (fo=0)                   0.000    25.000    clk
    W5                   IBUF (Prop_ibuf_I_O)         1.388    26.388 r  clk_ibuf/O
                         net (fo=1, routed)           1.162    27.550    clk_in
    MMCME2_ADV_X1Y0      MMCME2_ADV (Prop_mmcme2_adv_CLKIN1_CLKOUT0)
                                                      0.083    27.633 r  clk_in_mmcme2/CLKOUT0
                         net (fo=2, routed)           1.581    29.214    clk_out
    BUFGCTRL_X0Y0        BUFGCTRL (Prop_bufgctrl_I0_O)
                                                      0.091    29.305 r  clk_out_bufgce/O
                         net (fo=81, routed)          1.504    30.809    u_draw_background/CLK
    SLICE_X1Y64          FDRE                                         r  u_draw_background/r_out_reg[1]/C
                         clock pessimism              0.327    31.136    
                         clock uncertainty           -0.085    31.051    
    SLICE_X1Y64          FDRE (Setup_fdre_C_D)        0.029    31.080    u_draw_background/r_out_reg[1]
  -------------------------------------------------------------------
                         required time                         31.080    
                         arrival time                         -13.899    
  -------------------------------------------------------------------
                         slack                                 17.182    





Min Delay Paths
--------------------------------------------------------------------------------------
Slack (MET) :             0.077ns  (arrival time - required time)
  Source:                 u_draw_background/hsync_out_reg/C
                            (rising edge-triggered cell FDRE clocked by clk_out  {rise@0.000ns fall@12.500ns period=25.000ns})
  Destination:            u_draw_rect/hsync_out_reg/D
                            (rising edge-triggered cell FDRE clocked by clk_out  {rise@0.000ns fall@12.500ns period=25.000ns})
  Path Group:             clk_out
  Path Type:              Hold (Min at Fast Process Corner)
  Requirement:            0.000ns  (clk_out rise@0.000ns - clk_out rise@0.000ns)
  Data Path Delay:        0.421ns  (logic 0.141ns (33.515%)  route 0.280ns (66.485%))
  Logic Levels:           0  
  Clock Path Skew:        0.274ns (DCD - SCD - CPR)
    Destination Clock Delay (DCD):    2.372ns
    Source Clock Delay      (SCD):    1.821ns
    Clock Pessimism Removal (CPR):    0.277ns

    Location             Delay type                Incr(ns)  Path(ns)    Netlist Resource(s)
  -------------------------------------------------------------------    -------------------
                         (clock clk_out rise edge)    0.000     0.000 r  
    W5                                                0.000     0.000 r  clk (IN)
                         net (fo=0)                   0.000     0.000    clk
    W5                   IBUF (Prop_ibuf_I_O)         0.226     0.226 r  clk_ibuf/O
                         net (fo=1, routed)           0.440     0.667    clk_in
    MMCME2_ADV_X1Y0      MMCME2_ADV (Prop_mmcme2_adv_CLKIN1_CLKOUT0)
                                                      0.050     0.717 r  clk_in_mmcme2/CLKOUT0
                         net (fo=2, routed)           0.486     1.203    clk_out
    BUFGCTRL_X0Y0        BUFGCTRL (Prop_bufgctrl_I0_O)
                                                      0.026     1.229 r  clk_out_bufgce/O
                         net (fo=81, routed)          0.593     1.821    u_draw_background/CLK
    SLICE_X0Y56          FDRE                                         r  u_draw_background/hsync_out_reg/C
  -------------------------------------------------------------------    -------------------
    SLICE_X0Y56          FDRE (Prop_fdre_C_Q)         0.141     1.962 r  u_draw_background/hsync_out_reg/Q
                         net (fo=1, routed)           0.280     2.242    u_draw_rect/hsync_out
    SLICE_X0Y47          FDRE                                         r  u_draw_rect/hsync_out_reg/D
  -------------------------------------------------------------------    -------------------

                         (clock clk_out rise edge)    0.000     0.000 r  
    W5                                                0.000     0.000 r  clk (IN)
                         net (fo=0)                   0.000     0.000    clk
    W5                   IBUF (Prop_ibuf_I_O)         0.414     0.414 r  clk_ibuf/O
                         net (fo=1, routed)           0.480     0.894    clk_in
    MMCME2_ADV_X1Y0      MMCME2_ADV (Prop_mmcme2_adv_CLKIN1_CLKOUT0)
                                                      0.053     0.947 r  clk_in_mmcme2/CLKOUT0
                         net (fo=2, routed)           0.530     1.477    clk_out
    BUFGCTRL_X0Y0        BUFGCTRL (Prop_bufgctrl_I0_O)
                                                      0.029     1.506 r  clk_out_bufgce/O
                         net (fo=81, routed)          0.867     2.372    u_draw_rect/CLK
    SLICE_X0Y47          FDRE                                         r  u_draw_rect/hsync_out_reg/C
                         clock pessimism             -0.277     2.095    
    SLICE_X0Y47          FDRE (Hold_fdre_C_D)         0.070     2.165    u_draw_rect/hsync_out_reg
  -------------------------------------------------------------------
                         required time                         -2.165    
                         arrival time                           2.242    
  -------------------------------------------------------------------
                         slack                                  0.077    





Pulse Width Checks
--------------------------------------------------------------------------------------
Clock Name:         clk_out
Waveform(ns):       { 0.000 12.500 }
Period(ns):         25.000
Sources:            { clk_in_mmcme2/CLKOUT0 }

Check Type        Corner  Lib Pin             Reference Pin  Required(ns)  Actual(ns)  Slack(ns)  Location         Pin
Min Period        n/a     BUFGCTRL/I0         n/a            2.155         25.000      22.845     BUFGCTRL_X0Y0    clk_out_bufgce/I0
Max Period        n/a     MMCME2_ADV/CLKOUT0  n/a            213.360       25.000      188.360    MMCME2_ADV_X1Y0  clk_in_mmcme2/CLKOUT0
Low Pulse Width   Fast    FDRE/C              n/a            0.500         12.500      12.000     SLICE_X4Y66      u_draw_background/hcount_out_reg[10]/C
High Pulse Width  Slow    FDRE/C              n/a            0.500         12.500      12.000     SLICE_X9Y66      my_timing/vcount_reg[0]/C



---------------------------------------------------------------------------------------------------
From Clock:  clkfb
  To Clock:  clkfb

Setup :           NA  Failing Endpoints,  Worst Slack           NA  ,  Total Violation           NA
Hold  :           NA  Failing Endpoints,  Worst Slack           NA  ,  Total Violation           NA
PW    :            0  Failing Endpoints,  Worst Slack        8.751ns,  Total Violation        0.000ns
---------------------------------------------------------------------------------------------------


Pulse Width Checks
--------------------------------------------------------------------------------------
Clock Name:         clkfb
Waveform(ns):       { 0.000 5.000 }
Period(ns):         10.000
Sources:            { clk_in_mmcme2/CLKFBOUT }

Check Type  Corner  Lib Pin              Reference Pin  Required(ns)  Actual(ns)  Slack(ns)  Location         Pin
Min Period  n/a     MMCME2_ADV/CLKFBOUT  n/a            1.249         10.000      8.751      MMCME2_ADV_X1Y0  clk_in_mmcme2/CLKFBOUT
Max Period  n/a     MMCME2_ADV/CLKFBIN   n/a            100.000       10.000      90.000     MMCME2_ADV_X1Y0  clk_in_mmcme2/CLKFBIN



