#-----------------------------------------------------------
# Vivado v2017.3 (64-bit)
# SW Build 2018833 on Wed Oct  4 19:58:22 MDT 2017
# IP Build 2016188 on Wed Oct  4 21:52:56 MDT 2017
# Start of session at: Tue Mar 22 16:31:34 2022
# Process ID: 14724
# Current directory: D:/Uklady_elektroniki_cyfrowej_2/Lab_1/MTM_UEC_lab2_1_ee178_spring2017_lab4_Wierzbinka/build
# Command line: vivado.exe -gui_launcher_event rodinguilauncherevent8488 D:\Uklady_elektroniki_cyfrowej_2\Lab_1\MTM_UEC_lab2_1_ee178_spring2017_lab4_Wierzbinka\build\vga_project.xpr
# Log file: D:/Uklady_elektroniki_cyfrowej_2/Lab_1/MTM_UEC_lab2_1_ee178_spring2017_lab4_Wierzbinka/build/vivado.log
# Journal file: D:/Uklady_elektroniki_cyfrowej_2/Lab_1/MTM_UEC_lab2_1_ee178_spring2017_lab4_Wierzbinka/build\vivado.jou
#-----------------------------------------------------------
start_gui
open_project D:/Uklady_elektroniki_cyfrowej_2/Lab_1/MTM_UEC_lab2_1_ee178_spring2017_lab4_Wierzbinka/build/vga_project.xpr
INFO: [ProjectBase 1-489] The host OS only allows 260 characters in a normal path. The project is stored in a path with more than 80 characters. If you experience issues with IP, Block Designs, or files not being found, please consider moving the project to a location with a shorter path. Alternately consider using the OS subst command to map part of the path to a drive letter.
Current project path is 'D:/Uklady_elektroniki_cyfrowej_2/Lab_1/MTM_UEC_lab2_1_ee178_spring2017_lab4_Wierzbinka/build'
Scanning sources...
Finished scanning sources
INFO: [IP_Flow 19-234] Refreshing IP repositories
INFO: [IP_Flow 19-1704] No user IP repositories specified
INFO: [IP_Flow 19-2313] Loaded Vivado IP repository 'D:/Xilinx/Vivado/2017.3/data/ip'.
update_compile_order -fileset sources_1
exit
INFO: [Common 17-206] Exiting Vivado at Tue Mar 22 16:34:35 2022...
